{"/Users/admin/Desktop/datos_co/events_frontend/src/App.js": {"path":"/Users/admin/Desktop/datos_co/events_frontend/src/App.js","statementMap":{"0":{"start":{"line":54,"column":20},"end":{"line":54,"column":43}},"1":{"start":{"line":56,"column":2},"end":{"line":65,"column":4}}},"fnMap":{"0":{"name":"App","decl":{"start":{"line":53,"column":9},"end":{"line":53,"column":12}},"loc":{"start":{"line":53,"column":15},"end":{"line":66,"column":1}},"line":53}},"branchMap":{"0":{"loc":{"start":{"line":58,"column":31},"end":{"line":58,"column":91}},"type":"cond-expr","locations":[{"start":{"line":58,"column":39},"end":{"line":58,"column":64}},{"start":{"line":58,"column":67},"end":{"line":58,"column":91}}],"line":58},"1":{"loc":{"start":{"line":62,"column":37},"end":{"line":62,"column":86}},"type":"cond-expr","locations":[{"start":{"line":62,"column":45},"end":{"line":62,"column":59}},{"start":{"line":62,"column":62},"end":{"line":62,"column":86}}],"line":62}},"s":{"0":3,"1":0},"f":{"0":3},"b":{"0":[0,0],"1":[0,0]},"_coverageSchema":"1a1c01bbd47fc00a2c39e90264f33305004495a9","hash":"76dbafc1d02b2e52b4b68560e4dc791f17b142a5"}
,"/Users/admin/Desktop/datos_co/events_frontend/src/context/AuthContext.js": {"path":"/Users/admin/Desktop/datos_co/events_frontend/src/context/AuthContext.js","statementMap":{"0":{"start":{"line":5,"column":27},"end":{"line":5,"column":42}},"1":{"start":{"line":7,"column":28},"end":{"line":79,"column":1}},"2":{"start":{"line":8,"column":28},"end":{"line":8,"column":80}},"3":{"start":{"line":9,"column":26},"end":{"line":12,"column":4}},"4":{"start":{"line":10,"column":21},"end":{"line":10,"column":54}},"5":{"start":{"line":11,"column":4},"end":{"line":11,"column":50}},"6":{"start":{"line":15,"column":27},"end":{"line":29,"column":3}},"7":{"start":{"line":16,"column":4},"end":{"line":28,"column":5}},"8":{"start":{"line":17,"column":22},"end":{"line":17,"column":38}},"9":{"start":{"line":18,"column":6},"end":{"line":24,"column":8}},"10":{"start":{"line":26,"column":6},"end":{"line":26,"column":52}},"11":{"start":{"line":27,"column":6},"end":{"line":27,"column":18}},"12":{"start":{"line":32,"column":16},"end":{"line":54,"column":3}},"13":{"start":{"line":33,"column":4},"end":{"line":53,"column":5}},"14":{"start":{"line":34,"column":18},"end":{"line":34,"column":107}},"15":{"start":{"line":35,"column":23},"end":{"line":35,"column":44}},"16":{"start":{"line":37,"column":23},"end":{"line":37,"column":49}},"17":{"start":{"line":39,"column":6},"end":{"line":41,"column":7}},"18":{"start":{"line":40,"column":8},"end":{"line":40,"column":72}},"19":{"start":{"line":44,"column":6},"end":{"line":44,"column":53}},"20":{"start":{"line":45,"column":6},"end":{"line":45,"column":66}},"21":{"start":{"line":46,"column":6},"end":{"line":46,"column":25}},"22":{"start":{"line":47,"column":6},"end":{"line":47,"column":24}},"23":{"start":{"line":49,"column":6},"end":{"line":49,"column":22}},"24":{"start":{"line":51,"column":6},"end":{"line":51,"column":41}},"25":{"start":{"line":52,"column":6},"end":{"line":52,"column":87}},"26":{"start":{"line":57,"column":19},"end":{"line":64,"column":3}},"27":{"start":{"line":58,"column":4},"end":{"line":63,"column":5}},"28":{"start":{"line":59,"column":18},"end":{"line":59,"column":99}},"29":{"start":{"line":60,"column":6},"end":{"line":60,"column":22}},"30":{"start":{"line":62,"column":6},"end":{"line":62,"column":16}},"31":{"start":{"line":67,"column":17},"end":{"line":72,"column":3}},"32":{"start":{"line":68,"column":4},"end":{"line":68,"column":44}},"33":{"start":{"line":69,"column":4},"end":{"line":69,"column":41}},"34":{"start":{"line":70,"column":4},"end":{"line":70,"column":17}},"35":{"start":{"line":71,"column":4},"end":{"line":71,"column":18}},"36":{"start":{"line":74,"column":2},"end":{"line":78,"column":4}}},"fnMap":{"0":{"name":"(anonymous_0)","decl":{"start":{"line":7,"column":28},"end":{"line":7,"column":29}},"loc":{"start":{"line":7,"column":46},"end":{"line":79,"column":1}},"line":7},"1":{"name":"(anonymous_1)","decl":{"start":{"line":9,"column":35},"end":{"line":9,"column":36}},"loc":{"start":{"line":9,"column":41},"end":{"line":12,"column":3}},"line":9},"2":{"name":"(anonymous_2)","decl":{"start":{"line":15,"column":27},"end":{"line":15,"column":28}},"loc":{"start":{"line":15,"column":38},"end":{"line":29,"column":3}},"line":15},"3":{"name":"(anonymous_3)","decl":{"start":{"line":32,"column":16},"end":{"line":32,"column":17}},"loc":{"start":{"line":32,"column":43},"end":{"line":54,"column":3}},"line":32},"4":{"name":"(anonymous_4)","decl":{"start":{"line":57,"column":19},"end":{"line":57,"column":20}},"loc":{"start":{"line":57,"column":39},"end":{"line":64,"column":3}},"line":57},"5":{"name":"(anonymous_5)","decl":{"start":{"line":67,"column":17},"end":{"line":67,"column":18}},"loc":{"start":{"line":67,"column":23},"end":{"line":72,"column":3}},"line":67}},"branchMap":{"0":{"loc":{"start":{"line":8,"column":37},"end":{"line":8,"column":79}},"type":"binary-expr","locations":[{"start":{"line":8,"column":37},"end":{"line":8,"column":73}},{"start":{"line":8,"column":77},"end":{"line":8,"column":79}}],"line":8},"1":{"loc":{"start":{"line":11,"column":11},"end":{"line":11,"column":49}},"type":"cond-expr","locations":[{"start":{"line":11,"column":22},"end":{"line":11,"column":42}},{"start":{"line":11,"column":45},"end":{"line":11,"column":49}}],"line":11},"2":{"loc":{"start":{"line":19,"column":12},"end":{"line":19,"column":42}},"type":"binary-expr","locations":[{"start":{"line":19,"column":12},"end":{"line":19,"column":23}},{"start":{"line":19,"column":27},"end":{"line":19,"column":42}}],"line":19},"3":{"loc":{"start":{"line":21,"column":14},"end":{"line":21,"column":43}},"type":"binary-expr","locations":[{"start":{"line":21,"column":14},"end":{"line":21,"column":26}},{"start":{"line":21,"column":30},"end":{"line":21,"column":43}}],"line":21},"4":{"loc":{"start":{"line":22,"column":20},"end":{"line":22,"column":66}},"type":"binary-expr","locations":[{"start":{"line":22,"column":20},"end":{"line":22,"column":38}},{"start":{"line":22,"column":42},"end":{"line":22,"column":60}},{"start":{"line":22,"column":64},"end":{"line":22,"column":66}}],"line":22},"5":{"loc":{"start":{"line":23,"column":19},"end":{"line":23,"column":65}},"type":"binary-expr","locations":[{"start":{"line":23,"column":19},"end":{"line":23,"column":36}},{"start":{"line":23,"column":40},"end":{"line":23,"column":59}},{"start":{"line":23,"column":63},"end":{"line":23,"column":65}}],"line":23},"6":{"loc":{"start":{"line":39,"column":6},"end":{"line":41,"column":7}},"type":"if","locations":[{"start":{"line":39,"column":6},"end":{"line":41,"column":7}},{"start":{},"end":{}}],"line":39},"7":{"loc":{"start":{"line":52,"column":22},"end":{"line":52,"column":85}},"type":"binary-expr","locations":[{"start":{"line":52,"column":22},"end":{"line":52,"column":48}},{"start":{"line":52,"column":52},"end":{"line":52,"column":85}}],"line":52}},"s":{"0":6,"1":6,"2":5,"3":5,"4":5,"5":5,"6":5,"7":1,"8":1,"9":0,"10":1,"11":1,"12":5,"13":2,"14":2,"15":1,"16":1,"17":1,"18":1,"19":0,"20":0,"21":0,"22":0,"23":0,"24":2,"25":2,"26":5,"27":1,"28":1,"29":1,"30":0,"31":5,"32":1,"33":1,"34":1,"35":1,"36":5},"f":{"0":5,"1":5,"2":1,"3":2,"4":1,"5":1},"b":{"0":[5,4],"1":[1,4],"2":[0,0],"3":[0,0],"4":[0,0,0],"5":[0,0,0],"6":[1,0],"7":[2,1]},"_coverageSchema":"1a1c01bbd47fc00a2c39e90264f33305004495a9","hash":"b36144c5becad67fbd34e2efed8e1dc45aa2e76b"}
,"/Users/admin/Desktop/datos_co/events_frontend/src/hooks/useDebounce.js": {"path":"/Users/admin/Desktop/datos_co/events_frontend/src/hooks/useDebounce.js","statementMap":{"0":{"start":{"line":4,"column":46},"end":{"line":4,"column":61}},"1":{"start":{"line":6,"column":2},"end":{"line":9,"column":21}},"2":{"start":{"line":7,"column":20},"end":{"line":7,"column":69}},"3":{"start":{"line":7,"column":37},"end":{"line":7,"column":61}},"4":{"start":{"line":8,"column":4},"end":{"line":8,"column":39}},"5":{"start":{"line":8,"column":17},"end":{"line":8,"column":38}},"6":{"start":{"line":11,"column":2},"end":{"line":11,"column":24}}},"fnMap":{"0":{"name":"useDebounce","decl":{"start":{"line":3,"column":16},"end":{"line":3,"column":27}},"loc":{"start":{"line":3,"column":42},"end":{"line":12,"column":1}},"line":3},"1":{"name":"(anonymous_1)","decl":{"start":{"line":6,"column":12},"end":{"line":6,"column":13}},"loc":{"start":{"line":6,"column":18},"end":{"line":9,"column":3}},"line":6},"2":{"name":"(anonymous_2)","decl":{"start":{"line":7,"column":31},"end":{"line":7,"column":32}},"loc":{"start":{"line":7,"column":37},"end":{"line":7,"column":61}},"line":7},"3":{"name":"(anonymous_3)","decl":{"start":{"line":8,"column":11},"end":{"line":8,"column":12}},"loc":{"start":{"line":8,"column":17},"end":{"line":8,"column":38}},"line":8}},"branchMap":{},"s":{"0":32,"1":32,"2":7,"3":2,"4":7,"5":7,"6":32},"f":{"0":32,"1":7,"2":2,"3":7},"b":{},"_coverageSchema":"1a1c01bbd47fc00a2c39e90264f33305004495a9","hash":"e269996510884fd36ab95ebb248adb08b4743bd0"}
,"/Users/admin/Desktop/datos_co/events_frontend/src/pages/EventsPage.jsx": {"path":"/Users/admin/Desktop/datos_co/events_frontend/src/pages/EventsPage.jsx","statementMap":{"0":{"start":{"line":39,"column":34},"end":{"line":39,"column":57}},"1":{"start":{"line":40,"column":19},"end":{"line":40,"column":32}},"2":{"start":{"line":42,"column":30},"end":{"line":42,"column":42}},"3":{"start":{"line":43,"column":32},"end":{"line":43,"column":46}},"4":{"start":{"line":44,"column":28},"end":{"line":44,"column":40}},"5":{"start":{"line":45,"column":26},"end":{"line":45,"column":38}},"6":{"start":{"line":46,"column":18},"end":{"line":46,"column":30}},"7":{"start":{"line":47,"column":30},"end":{"line":47,"column":41}},"8":{"start":{"line":49,"column":42},"end":{"line":49,"column":56}},"9":{"start":{"line":50,"column":38},"end":{"line":50,"column":50}},"10":{"start":{"line":52,"column":46},"end":{"line":52,"column":60}},"11":{"start":{"line":53,"column":52},"end":{"line":53,"column":64}},"12":{"start":{"line":55,"column":48},"end":{"line":55,"column":63}},"13":{"start":{"line":56,"column":34},"end":{"line":63,"column":4}},"14":{"start":{"line":65,"column":62},"end":{"line":65,"column":77}},"15":{"start":{"line":66,"column":64},"end":{"line":66,"column":78}},"16":{"start":{"line":67,"column":38},"end":{"line":75,"column":4}},"17":{"start":{"line":77,"column":52},"end":{"line":77,"column":64}},"18":{"start":{"line":78,"column":56},"end":{"line":78,"column":71}},"19":{"start":{"line":79,"column":56},"end":{"line":79,"column":71}},"20":{"start":{"line":82,"column":24},"end":{"line":82,"column":46}},"21":{"start":{"line":85,"column":22},"end":{"line":105,"column":61}},"22":{"start":{"line":86,"column":4},"end":{"line":86,"column":23}},"23":{"start":{"line":86,"column":16},"end":{"line":86,"column":23}},"24":{"start":{"line":87,"column":4},"end":{"line":87,"column":21}},"25":{"start":{"line":88,"column":4},"end":{"line":104,"column":5}},"26":{"start":{"line":89,"column":18},"end":{"line":92,"column":8}},"27":{"start":{"line":93,"column":6},"end":{"line":93,"column":26}},"28":{"start":{"line":94,"column":6},"end":{"line":94,"column":19}},"29":{"start":{"line":96,"column":6},"end":{"line":96,"column":47}},"30":{"start":{"line":97,"column":6},"end":{"line":97,"column":41}},"31":{"start":{"line":98,"column":6},"end":{"line":101,"column":7}},"32":{"start":{"line":99,"column":8},"end":{"line":99,"column":17}},"33":{"start":{"line":100,"column":8},"end":{"line":100,"column":27}},"34":{"start":{"line":103,"column":6},"end":{"line":103,"column":24}},"35":{"start":{"line":108,"column":33},"end":{"line":128,"column":37}},"36":{"start":{"line":109,"column":4},"end":{"line":109,"column":32}},"37":{"start":{"line":109,"column":25},"end":{"line":109,"column":32}},"38":{"start":{"line":110,"column":4},"end":{"line":110,"column":33}},"39":{"start":{"line":111,"column":4},"end":{"line":127,"column":5}},"40":{"start":{"line":112,"column":18},"end":{"line":117,"column":7}},"41":{"start":{"line":118,"column":6},"end":{"line":118,"column":37}},"42":{"start":{"line":120,"column":6},"end":{"line":120,"column":47}},"43":{"start":{"line":121,"column":6},"end":{"line":124,"column":7}},"44":{"start":{"line":122,"column":8},"end":{"line":122,"column":17}},"45":{"start":{"line":123,"column":8},"end":{"line":123,"column":27}},"46":{"start":{"line":126,"column":6},"end":{"line":126,"column":36}},"47":{"start":{"line":131,"column":2},"end":{"line":136,"column":50}},"48":{"start":{"line":132,"column":4},"end":{"line":132,"column":18}},"49":{"start":{"line":133,"column":4},"end":{"line":135,"column":5}},"50":{"start":{"line":134,"column":6},"end":{"line":134,"column":31}},"51":{"start":{"line":138,"column":23},"end":{"line":141,"column":3}},"52":{"start":{"line":139,"column":4},"end":{"line":139,"column":13}},"53":{"start":{"line":140,"column":4},"end":{"line":140,"column":23}},"54":{"start":{"line":143,"column":29},"end":{"line":146,"column":3}},"55":{"start":{"line":144,"column":4},"end":{"line":144,"column":28}},"56":{"start":{"line":145,"column":4},"end":{"line":145,"column":17}},"57":{"start":{"line":148,"column":25},"end":{"line":148,"column":56}},"58":{"start":{"line":148,"column":31},"end":{"line":148,"column":56}},"59":{"start":{"line":149,"column":25},"end":{"line":149,"column":69}},"60":{"start":{"line":149,"column":31},"end":{"line":149,"column":69}},"61":{"start":{"line":152,"column":28},"end":{"line":173,"column":3}},"62":{"start":{"line":153,"column":4},"end":{"line":172,"column":5}},"63":{"start":{"line":154,"column":6},"end":{"line":158,"column":8}},"64":{"start":{"line":159,"column":6},"end":{"line":159,"column":32}},"65":{"start":{"line":160,"column":6},"end":{"line":167,"column":9}},"66":{"start":{"line":168,"column":6},"end":{"line":168,"column":20}},"67":{"start":{"line":170,"column":6},"end":{"line":170,"column":47}},"68":{"start":{"line":171,"column":6},"end":{"line":171,"column":69}},"69":{"start":{"line":176,"column":28},"end":{"line":189,"column":3}},"70":{"start":{"line":177,"column":4},"end":{"line":188,"column":5}},"71":{"start":{"line":178,"column":6},"end":{"line":182,"column":8}},"72":{"start":{"line":183,"column":6},"end":{"line":183,"column":28}},"73":{"start":{"line":184,"column":6},"end":{"line":184,"column":20}},"74":{"start":{"line":186,"column":6},"end":{"line":186,"column":47}},"75":{"start":{"line":187,"column":6},"end":{"line":187,"column":82}},"76":{"start":{"line":192,"column":28},"end":{"line":205,"column":3}},"77":{"start":{"line":193,"column":4},"end":{"line":193,"column":58}},"78":{"start":{"line":193,"column":51},"end":{"line":193,"column":58}},"79":{"start":{"line":194,"column":4},"end":{"line":204,"column":5}},"80":{"start":{"line":195,"column":6},"end":{"line":199,"column":8}},"81":{"start":{"line":200,"column":6},"end":{"line":200,"column":20}},"82":{"start":{"line":202,"column":6},"end":{"line":202,"column":47}},"83":{"start":{"line":203,"column":6},"end":{"line":203,"column":75}},"84":{"start":{"line":208,"column":28},"end":{"line":219,"column":3}},"85":{"start":{"line":209,"column":4},"end":{"line":209,"column":58}},"86":{"start":{"line":209,"column":51},"end":{"line":209,"column":58}},"87":{"start":{"line":210,"column":4},"end":{"line":218,"column":5}},"88":{"start":{"line":211,"column":6},"end":{"line":213,"column":9}},"89":{"start":{"line":214,"column":6},"end":{"line":214,"column":20}},"90":{"start":{"line":216,"column":6},"end":{"line":216,"column":47}},"91":{"start":{"line":217,"column":6},"end":{"line":217,"column":75}},"92":{"start":{"line":222,"column":30},"end":{"line":245,"column":3}},"93":{"start":{"line":223,"column":4},"end":{"line":244,"column":5}},"94":{"start":{"line":224,"column":6},"end":{"line":228,"column":8}},"95":{"start":{"line":229,"column":6},"end":{"line":229,"column":39}},"96":{"start":{"line":230,"column":6},"end":{"line":238,"column":9}},"97":{"start":{"line":239,"column":6},"end":{"line":239,"column":39}},"98":{"start":{"line":240,"column":6},"end":{"line":240,"column":20}},"99":{"start":{"line":242,"column":6},"end":{"line":242,"column":47}},"100":{"start":{"line":243,"column":6},"end":{"line":243,"column":69}},"101":{"start":{"line":248,"column":30},"end":{"line":259,"column":3}},"102":{"start":{"line":249,"column":4},"end":{"line":249,"column":58}},"103":{"start":{"line":249,"column":51},"end":{"line":249,"column":58}},"104":{"start":{"line":250,"column":4},"end":{"line":258,"column":5}},"105":{"start":{"line":251,"column":6},"end":{"line":253,"column":9}},"106":{"start":{"line":254,"column":6},"end":{"line":254,"column":20}},"107":{"start":{"line":256,"column":6},"end":{"line":256,"column":47}},"108":{"start":{"line":257,"column":6},"end":{"line":257,"column":75}},"109":{"start":{"line":262,"column":30},"end":{"line":275,"column":3}},"110":{"start":{"line":263,"column":4},"end":{"line":274,"column":5}},"111":{"start":{"line":264,"column":6},"end":{"line":268,"column":8}},"112":{"start":{"line":269,"column":6},"end":{"line":269,"column":30}},"113":{"start":{"line":270,"column":6},"end":{"line":270,"column":20}},"114":{"start":{"line":272,"column":6},"end":{"line":272,"column":47}},"115":{"start":{"line":273,"column":6},"end":{"line":273,"column":89}},"116":{"start":{"line":278,"column":32},"end":{"line":293,"column":3}},"117":{"start":{"line":279,"column":4},"end":{"line":279,"column":70}},"118":{"start":{"line":279,"column":63},"end":{"line":279,"column":70}},"119":{"start":{"line":280,"column":4},"end":{"line":292,"column":5}},"120":{"start":{"line":281,"column":6},"end":{"line":285,"column":8}},"121":{"start":{"line":286,"column":6},"end":{"line":286,"column":34}},"122":{"start":{"line":287,"column":6},"end":{"line":287,"column":31}},"123":{"start":{"line":288,"column":6},"end":{"line":288,"column":20}},"124":{"start":{"line":290,"column":6},"end":{"line":290,"column":47}},"125":{"start":{"line":291,"column":6},"end":{"line":291,"column":76}},"126":{"start":{"line":295,"column":27},"end":{"line":297,"column":3}},"127":{"start":{"line":296,"column":4},"end":{"line":296,"column":69}},"128":{"start":{"line":296,"column":43},"end":{"line":296,"column":67}},"129":{"start":{"line":300,"column":33},"end":{"line":312,"column":3}},"130":{"start":{"line":301,"column":4},"end":{"line":301,"column":38}},"131":{"start":{"line":302,"column":4},"end":{"line":310,"column":7}},"132":{"start":{"line":311,"column":4},"end":{"line":311,"column":36}},"133":{"start":{"line":315,"column":30},"end":{"line":369,"column":3}},"134":{"start":{"line":316,"column":4},"end":{"line":316,"column":27}},"135":{"start":{"line":316,"column":15},"end":{"line":316,"column":27}},"136":{"start":{"line":318,"column":4},"end":{"line":349,"column":5}},"137":{"start":{"line":319,"column":6},"end":{"line":348,"column":8}},"138":{"start":{"line":322,"column":27},"end":{"line":322,"column":49}},"139":{"start":{"line":328,"column":27},"end":{"line":328,"column":56}},"140":{"start":{"line":334,"column":27},"end":{"line":334,"column":54}},"141":{"start":{"line":341,"column":29},"end":{"line":341,"column":56}},"142":{"start":{"line":351,"column":4},"end":{"line":366,"column":5}},"143":{"start":{"line":352,"column":25},"end":{"line":352,"column":51}},"144":{"start":{"line":353,"column":6},"end":{"line":365,"column":8}},"145":{"start":{"line":355,"column":25},"end":{"line":355,"column":56}},"146":{"start":{"line":368,"column":4},"end":{"line":368,"column":16}},"147":{"start":{"line":371,"column":2},"end":{"line":371,"column":79}},"148":{"start":{"line":371,"column":14},"end":{"line":371,"column":79}},"149":{"start":{"line":372,"column":2},"end":{"line":372,"column":79}},"150":{"start":{"line":372,"column":15},"end":{"line":372,"column":79}},"151":{"start":{"line":373,"column":2},"end":{"line":373,"column":78}},"152":{"start":{"line":373,"column":13},"end":{"line":373,"column":78}},"153":{"start":{"line":375,"column":2},"end":{"line":856,"column":4}},"154":{"start":{"line":382,"column":29},"end":{"line":382,"column":73}},"155":{"start":{"line":390,"column":29},"end":{"line":390,"column":53}},"156":{"start":{"line":442,"column":16},"end":{"line":459,"column":22}},"157":{"start":{"line":473,"column":16},"end":{"line":526,"column":22}},"158":{"start":{"line":496,"column":24},"end":{"line":522,"column":30}},"159":{"start":{"line":509,"column":47},"end":{"line":509,"column":70}},"160":{"start":{"line":515,"column":47},"end":{"line":515,"column":75}},"161":{"start":{"line":560,"column":31},"end":{"line":560,"column":81}},"162":{"start":{"line":568,"column":16},"end":{"line":568,"column":80}},"163":{"start":{"line":575,"column":31},"end":{"line":575,"column":88}},"164":{"start":{"line":582,"column":31},"end":{"line":582,"column":87}},"165":{"start":{"line":589,"column":31},"end":{"line":589,"column":85}},"166":{"start":{"line":594,"column":31},"end":{"line":594,"column":56}},"167":{"start":{"line":621,"column":31},"end":{"line":621,"column":86}},"168":{"start":{"line":628,"column":31},"end":{"line":628,"column":88}},"169":{"start":{"line":636,"column":16},"end":{"line":636,"column":89}},"170":{"start":{"line":643,"column":31},"end":{"line":643,"column":92}},"171":{"start":{"line":650,"column":31},"end":{"line":650,"column":91}},"172":{"start":{"line":657,"column":31},"end":{"line":657,"column":89}},"173":{"start":{"line":663,"column":18},"end":{"line":663,"column":51}},"174":{"start":{"line":664,"column":18},"end":{"line":664,"column":51}},"175":{"start":{"line":691,"column":16},"end":{"line":691,"column":74}},"176":{"start":{"line":699,"column":16},"end":{"line":699,"column":88}},"177":{"start":{"line":706,"column":16},"end":{"line":706,"column":81}},"178":{"start":{"line":715,"column":16},"end":{"line":715,"column":80}},"179":{"start":{"line":724,"column":16},"end":{"line":724,"column":78}},"180":{"start":{"line":732,"column":16},"end":{"line":732,"column":76}},"181":{"start":{"line":742,"column":31},"end":{"line":742,"column":52}},"182":{"start":{"line":749,"column":18},"end":{"line":756,"column":20}},"183":{"start":{"line":780,"column":16},"end":{"line":780,"column":79}},"184":{"start":{"line":789,"column":16},"end":{"line":789,"column":81}},"185":{"start":{"line":798,"column":16},"end":{"line":798,"column":97}},"186":{"start":{"line":806,"column":16},"end":{"line":806,"column":85}},"187":{"start":{"line":815,"column":16},"end":{"line":815,"column":84}},"188":{"start":{"line":824,"column":16},"end":{"line":824,"column":82}},"189":{"start":{"line":830,"column":31},"end":{"line":830,"column":54}},"190":{"start":{"line":837,"column":18},"end":{"line":845,"column":20}}},"fnMap":{"0":{"name":"EventsPage","decl":{"start":{"line":38,"column":24},"end":{"line":38,"column":34}},"loc":{"start":{"line":38,"column":37},"end":{"line":857,"column":1}},"line":38},"1":{"name":"(anonymous_1)","decl":{"start":{"line":85,"column":34},"end":{"line":85,"column":35}},"loc":{"start":{"line":85,"column":46},"end":{"line":105,"column":3}},"line":85},"2":{"name":"(anonymous_2)","decl":{"start":{"line":108,"column":45},"end":{"line":108,"column":46}},"loc":{"start":{"line":108,"column":57},"end":{"line":128,"column":3}},"line":108},"3":{"name":"(anonymous_3)","decl":{"start":{"line":131,"column":12},"end":{"line":131,"column":13}},"loc":{"start":{"line":131,"column":18},"end":{"line":136,"column":3}},"line":131},"4":{"name":"(anonymous_4)","decl":{"start":{"line":138,"column":23},"end":{"line":138,"column":24}},"loc":{"start":{"line":138,"column":29},"end":{"line":141,"column":3}},"line":138},"5":{"name":"(anonymous_5)","decl":{"start":{"line":143,"column":29},"end":{"line":143,"column":30}},"loc":{"start":{"line":143,"column":36},"end":{"line":146,"column":3}},"line":143},"6":{"name":"(anonymous_6)","decl":{"start":{"line":148,"column":25},"end":{"line":148,"column":26}},"loc":{"start":{"line":148,"column":31},"end":{"line":148,"column":56}},"line":148},"7":{"name":"(anonymous_7)","decl":{"start":{"line":149,"column":25},"end":{"line":149,"column":26}},"loc":{"start":{"line":149,"column":31},"end":{"line":149,"column":69}},"line":149},"8":{"name":"(anonymous_8)","decl":{"start":{"line":152,"column":28},"end":{"line":152,"column":29}},"loc":{"start":{"line":152,"column":40},"end":{"line":173,"column":3}},"line":152},"9":{"name":"(anonymous_9)","decl":{"start":{"line":176,"column":28},"end":{"line":176,"column":29}},"loc":{"start":{"line":176,"column":48},"end":{"line":189,"column":3}},"line":176},"10":{"name":"(anonymous_10)","decl":{"start":{"line":192,"column":28},"end":{"line":192,"column":29}},"loc":{"start":{"line":192,"column":42},"end":{"line":205,"column":3}},"line":192},"11":{"name":"(anonymous_11)","decl":{"start":{"line":208,"column":28},"end":{"line":208,"column":29}},"loc":{"start":{"line":208,"column":42},"end":{"line":219,"column":3}},"line":208},"12":{"name":"(anonymous_12)","decl":{"start":{"line":222,"column":30},"end":{"line":222,"column":31}},"loc":{"start":{"line":222,"column":42},"end":{"line":245,"column":3}},"line":222},"13":{"name":"(anonymous_13)","decl":{"start":{"line":248,"column":30},"end":{"line":248,"column":31}},"loc":{"start":{"line":248,"column":44},"end":{"line":259,"column":3}},"line":248},"14":{"name":"(anonymous_14)","decl":{"start":{"line":262,"column":30},"end":{"line":262,"column":31}},"loc":{"start":{"line":262,"column":50},"end":{"line":275,"column":3}},"line":262},"15":{"name":"(anonymous_15)","decl":{"start":{"line":278,"column":32},"end":{"line":278,"column":33}},"loc":{"start":{"line":278,"column":51},"end":{"line":293,"column":3}},"line":278},"16":{"name":"(anonymous_16)","decl":{"start":{"line":295,"column":27},"end":{"line":295,"column":28}},"loc":{"start":{"line":295,"column":40},"end":{"line":297,"column":3}},"line":295},"17":{"name":"(anonymous_17)","decl":{"start":{"line":296,"column":34},"end":{"line":296,"column":35}},"loc":{"start":{"line":296,"column":43},"end":{"line":296,"column":67}},"line":296},"18":{"name":"(anonymous_18)","decl":{"start":{"line":300,"column":33},"end":{"line":300,"column":34}},"loc":{"start":{"line":300,"column":44},"end":{"line":312,"column":3}},"line":300},"19":{"name":"(anonymous_19)","decl":{"start":{"line":315,"column":30},"end":{"line":315,"column":31}},"loc":{"start":{"line":315,"column":41},"end":{"line":369,"column":3}},"line":315},"20":{"name":"(anonymous_20)","decl":{"start":{"line":322,"column":21},"end":{"line":322,"column":22}},"loc":{"start":{"line":322,"column":27},"end":{"line":322,"column":49}},"line":322},"21":{"name":"(anonymous_21)","decl":{"start":{"line":328,"column":21},"end":{"line":328,"column":22}},"loc":{"start":{"line":328,"column":27},"end":{"line":328,"column":56}},"line":328},"22":{"name":"(anonymous_22)","decl":{"start":{"line":334,"column":21},"end":{"line":334,"column":22}},"loc":{"start":{"line":334,"column":27},"end":{"line":334,"column":54}},"line":334},"23":{"name":"(anonymous_23)","decl":{"start":{"line":341,"column":23},"end":{"line":341,"column":24}},"loc":{"start":{"line":341,"column":29},"end":{"line":341,"column":56}},"line":341},"24":{"name":"(anonymous_24)","decl":{"start":{"line":355,"column":19},"end":{"line":355,"column":20}},"loc":{"start":{"line":355,"column":25},"end":{"line":355,"column":56}},"line":355},"25":{"name":"(anonymous_25)","decl":{"start":{"line":382,"column":23},"end":{"line":382,"column":24}},"loc":{"start":{"line":382,"column":29},"end":{"line":382,"column":73}},"line":382},"26":{"name":"(anonymous_26)","decl":{"start":{"line":390,"column":23},"end":{"line":390,"column":24}},"loc":{"start":{"line":390,"column":29},"end":{"line":390,"column":53}},"line":390},"27":{"name":"(anonymous_27)","decl":{"start":{"line":441,"column":37},"end":{"line":441,"column":38}},"loc":{"start":{"line":442,"column":16},"end":{"line":459,"column":22}},"line":442},"28":{"name":"(anonymous_28)","decl":{"start":{"line":472,"column":25},"end":{"line":472,"column":26}},"loc":{"start":{"line":473,"column":16},"end":{"line":526,"column":22}},"line":473},"29":{"name":"(anonymous_29)","decl":{"start":{"line":495,"column":39},"end":{"line":495,"column":40}},"loc":{"start":{"line":496,"column":24},"end":{"line":522,"column":30}},"line":496},"30":{"name":"(anonymous_30)","decl":{"start":{"line":509,"column":41},"end":{"line":509,"column":42}},"loc":{"start":{"line":509,"column":47},"end":{"line":509,"column":70}},"line":509},"31":{"name":"(anonymous_31)","decl":{"start":{"line":515,"column":41},"end":{"line":515,"column":42}},"loc":{"start":{"line":515,"column":47},"end":{"line":515,"column":75}},"line":515},"32":{"name":"(anonymous_32)","decl":{"start":{"line":560,"column":24},"end":{"line":560,"column":25}},"loc":{"start":{"line":560,"column":31},"end":{"line":560,"column":81}},"line":560},"33":{"name":"(anonymous_33)","decl":{"start":{"line":567,"column":24},"end":{"line":567,"column":25}},"loc":{"start":{"line":568,"column":16},"end":{"line":568,"column":80}},"line":568},"34":{"name":"(anonymous_34)","decl":{"start":{"line":575,"column":24},"end":{"line":575,"column":25}},"loc":{"start":{"line":575,"column":31},"end":{"line":575,"column":88}},"line":575},"35":{"name":"(anonymous_35)","decl":{"start":{"line":582,"column":24},"end":{"line":582,"column":25}},"loc":{"start":{"line":582,"column":31},"end":{"line":582,"column":87}},"line":582},"36":{"name":"(anonymous_36)","decl":{"start":{"line":589,"column":24},"end":{"line":589,"column":25}},"loc":{"start":{"line":589,"column":31},"end":{"line":589,"column":85}},"line":589},"37":{"name":"(anonymous_37)","decl":{"start":{"line":594,"column":25},"end":{"line":594,"column":26}},"loc":{"start":{"line":594,"column":31},"end":{"line":594,"column":56}},"line":594},"38":{"name":"(anonymous_38)","decl":{"start":{"line":621,"column":24},"end":{"line":621,"column":25}},"loc":{"start":{"line":621,"column":31},"end":{"line":621,"column":86}},"line":621},"39":{"name":"(anonymous_39)","decl":{"start":{"line":628,"column":24},"end":{"line":628,"column":25}},"loc":{"start":{"line":628,"column":31},"end":{"line":628,"column":88}},"line":628},"40":{"name":"(anonymous_40)","decl":{"start":{"line":635,"column":24},"end":{"line":635,"column":25}},"loc":{"start":{"line":636,"column":16},"end":{"line":636,"column":89}},"line":636},"41":{"name":"(anonymous_41)","decl":{"start":{"line":643,"column":24},"end":{"line":643,"column":25}},"loc":{"start":{"line":643,"column":31},"end":{"line":643,"column":92}},"line":643},"42":{"name":"(anonymous_42)","decl":{"start":{"line":650,"column":24},"end":{"line":650,"column":25}},"loc":{"start":{"line":650,"column":31},"end":{"line":650,"column":91}},"line":650},"43":{"name":"(anonymous_43)","decl":{"start":{"line":657,"column":24},"end":{"line":657,"column":25}},"loc":{"start":{"line":657,"column":31},"end":{"line":657,"column":89}},"line":657},"44":{"name":"(anonymous_44)","decl":{"start":{"line":662,"column":25},"end":{"line":662,"column":26}},"loc":{"start":{"line":662,"column":31},"end":{"line":665,"column":17}},"line":662},"45":{"name":"(anonymous_45)","decl":{"start":{"line":690,"column":24},"end":{"line":690,"column":25}},"loc":{"start":{"line":691,"column":16},"end":{"line":691,"column":74}},"line":691},"46":{"name":"(anonymous_46)","decl":{"start":{"line":698,"column":24},"end":{"line":698,"column":25}},"loc":{"start":{"line":699,"column":16},"end":{"line":699,"column":88}},"line":699},"47":{"name":"(anonymous_47)","decl":{"start":{"line":705,"column":24},"end":{"line":705,"column":25}},"loc":{"start":{"line":706,"column":16},"end":{"line":706,"column":81}},"line":706},"48":{"name":"(anonymous_48)","decl":{"start":{"line":714,"column":24},"end":{"line":714,"column":25}},"loc":{"start":{"line":715,"column":16},"end":{"line":715,"column":80}},"line":715},"49":{"name":"(anonymous_49)","decl":{"start":{"line":723,"column":24},"end":{"line":723,"column":25}},"loc":{"start":{"line":724,"column":16},"end":{"line":724,"column":78}},"line":724},"50":{"name":"(anonymous_50)","decl":{"start":{"line":731,"column":24},"end":{"line":731,"column":25}},"loc":{"start":{"line":732,"column":16},"end":{"line":732,"column":76}},"line":732},"51":{"name":"(anonymous_51)","decl":{"start":{"line":742,"column":25},"end":{"line":742,"column":26}},"loc":{"start":{"line":742,"column":31},"end":{"line":742,"column":52}},"line":742},"52":{"name":"(anonymous_52)","decl":{"start":{"line":748,"column":25},"end":{"line":748,"column":26}},"loc":{"start":{"line":749,"column":18},"end":{"line":756,"column":20}},"line":749},"53":{"name":"(anonymous_53)","decl":{"start":{"line":779,"column":24},"end":{"line":779,"column":25}},"loc":{"start":{"line":780,"column":16},"end":{"line":780,"column":79}},"line":780},"54":{"name":"(anonymous_54)","decl":{"start":{"line":788,"column":24},"end":{"line":788,"column":25}},"loc":{"start":{"line":789,"column":16},"end":{"line":789,"column":81}},"line":789},"55":{"name":"(anonymous_55)","decl":{"start":{"line":797,"column":24},"end":{"line":797,"column":25}},"loc":{"start":{"line":798,"column":16},"end":{"line":798,"column":97}},"line":798},"56":{"name":"(anonymous_56)","decl":{"start":{"line":805,"column":24},"end":{"line":805,"column":25}},"loc":{"start":{"line":806,"column":16},"end":{"line":806,"column":85}},"line":806},"57":{"name":"(anonymous_57)","decl":{"start":{"line":814,"column":24},"end":{"line":814,"column":25}},"loc":{"start":{"line":815,"column":16},"end":{"line":815,"column":84}},"line":815},"58":{"name":"(anonymous_58)","decl":{"start":{"line":823,"column":24},"end":{"line":823,"column":25}},"loc":{"start":{"line":824,"column":16},"end":{"line":824,"column":82}},"line":824},"59":{"name":"(anonymous_59)","decl":{"start":{"line":830,"column":25},"end":{"line":830,"column":26}},"loc":{"start":{"line":830,"column":31},"end":{"line":830,"column":54}},"line":830},"60":{"name":"(anonymous_60)","decl":{"start":{"line":836,"column":25},"end":{"line":836,"column":26}},"loc":{"start":{"line":837,"column":18},"end":{"line":845,"column":20}},"line":837}},"branchMap":{"0":{"loc":{"start":{"line":86,"column":4},"end":{"line":86,"column":23}},"type":"if","locations":[{"start":{"line":86,"column":4},"end":{"line":86,"column":23}},{"start":{},"end":{}}],"line":86},"1":{"loc":{"start":{"line":96,"column":20},"end":{"line":96,"column":45}},"type":"binary-expr","locations":[{"start":{"line":96,"column":20},"end":{"line":96,"column":38}},{"start":{"line":96,"column":42},"end":{"line":96,"column":45}}],"line":96},"2":{"loc":{"start":{"line":98,"column":6},"end":{"line":101,"column":7}},"type":"if","locations":[{"start":{"line":98,"column":6},"end":{"line":101,"column":7}},{"start":{},"end":{}}],"line":98},"3":{"loc":{"start":{"line":109,"column":4},"end":{"line":109,"column":32}},"type":"if","locations":[{"start":{"line":109,"column":4},"end":{"line":109,"column":32}},{"start":{},"end":{}}],"line":109},"4":{"loc":{"start":{"line":109,"column":8},"end":{"line":109,"column":23}},"type":"binary-expr","locations":[{"start":{"line":109,"column":8},"end":{"line":109,"column":14}},{"start":{"line":109,"column":18},"end":{"line":109,"column":23}}],"line":109},"5":{"loc":{"start":{"line":120,"column":20},"end":{"line":120,"column":45}},"type":"binary-expr","locations":[{"start":{"line":120,"column":20},"end":{"line":120,"column":38}},{"start":{"line":120,"column":42},"end":{"line":120,"column":45}}],"line":120},"6":{"loc":{"start":{"line":121,"column":6},"end":{"line":124,"column":7}},"type":"if","locations":[{"start":{"line":121,"column":6},"end":{"line":124,"column":7}},{"start":{},"end":{}}],"line":121},"7":{"loc":{"start":{"line":133,"column":4},"end":{"line":135,"column":5}},"type":"if","locations":[{"start":{"line":133,"column":4},"end":{"line":135,"column":5}},{"start":{},"end":{}}],"line":133},"8":{"loc":{"start":{"line":133,"column":8},"end":{"line":133,"column":43}},"type":"binary-expr","locations":[{"start":{"line":133,"column":8},"end":{"line":133,"column":12}},{"start":{"line":133,"column":16},"end":{"line":133,"column":43}}],"line":133},"9":{"loc":{"start":{"line":170,"column":20},"end":{"line":170,"column":45}},"type":"binary-expr","locations":[{"start":{"line":170,"column":20},"end":{"line":170,"column":38}},{"start":{"line":170,"column":42},"end":{"line":170,"column":45}}],"line":170},"10":{"loc":{"start":{"line":171,"column":12},"end":{"line":171,"column":67}},"type":"binary-expr","locations":[{"start":{"line":171,"column":12},"end":{"line":171,"column":38}},{"start":{"line":171,"column":42},"end":{"line":171,"column":67}}],"line":171},"11":{"loc":{"start":{"line":186,"column":20},"end":{"line":186,"column":45}},"type":"binary-expr","locations":[{"start":{"line":186,"column":20},"end":{"line":186,"column":38}},{"start":{"line":186,"column":42},"end":{"line":186,"column":45}}],"line":186},"12":{"loc":{"start":{"line":187,"column":20},"end":{"line":187,"column":80}},"type":"binary-expr","locations":[{"start":{"line":187,"column":20},"end":{"line":187,"column":46}},{"start":{"line":187,"column":50},"end":{"line":187,"column":80}}],"line":187},"13":{"loc":{"start":{"line":193,"column":4},"end":{"line":193,"column":58}},"type":"if","locations":[{"start":{"line":193,"column":4},"end":{"line":193,"column":58}},{"start":{},"end":{}}],"line":193},"14":{"loc":{"start":{"line":202,"column":20},"end":{"line":202,"column":45}},"type":"binary-expr","locations":[{"start":{"line":202,"column":20},"end":{"line":202,"column":38}},{"start":{"line":202,"column":42},"end":{"line":202,"column":45}}],"line":202},"15":{"loc":{"start":{"line":203,"column":15},"end":{"line":203,"column":73}},"type":"binary-expr","locations":[{"start":{"line":203,"column":15},"end":{"line":203,"column":41}},{"start":{"line":203,"column":45},"end":{"line":203,"column":73}}],"line":203},"16":{"loc":{"start":{"line":209,"column":4},"end":{"line":209,"column":58}},"type":"if","locations":[{"start":{"line":209,"column":4},"end":{"line":209,"column":58}},{"start":{},"end":{}}],"line":209},"17":{"loc":{"start":{"line":216,"column":20},"end":{"line":216,"column":45}},"type":"binary-expr","locations":[{"start":{"line":216,"column":20},"end":{"line":216,"column":38}},{"start":{"line":216,"column":42},"end":{"line":216,"column":45}}],"line":216},"18":{"loc":{"start":{"line":217,"column":15},"end":{"line":217,"column":73}},"type":"binary-expr","locations":[{"start":{"line":217,"column":15},"end":{"line":217,"column":41}},{"start":{"line":217,"column":45},"end":{"line":217,"column":73}}],"line":217},"19":{"loc":{"start":{"line":242,"column":20},"end":{"line":242,"column":45}},"type":"binary-expr","locations":[{"start":{"line":242,"column":20},"end":{"line":242,"column":38}},{"start":{"line":242,"column":42},"end":{"line":242,"column":45}}],"line":242},"20":{"loc":{"start":{"line":243,"column":12},"end":{"line":243,"column":67}},"type":"binary-expr","locations":[{"start":{"line":243,"column":12},"end":{"line":243,"column":38}},{"start":{"line":243,"column":42},"end":{"line":243,"column":67}}],"line":243},"21":{"loc":{"start":{"line":249,"column":4},"end":{"line":249,"column":58}},"type":"if","locations":[{"start":{"line":249,"column":4},"end":{"line":249,"column":58}},{"start":{},"end":{}}],"line":249},"22":{"loc":{"start":{"line":256,"column":20},"end":{"line":256,"column":45}},"type":"binary-expr","locations":[{"start":{"line":256,"column":20},"end":{"line":256,"column":38}},{"start":{"line":256,"column":42},"end":{"line":256,"column":45}}],"line":256},"23":{"loc":{"start":{"line":257,"column":15},"end":{"line":257,"column":73}},"type":"binary-expr","locations":[{"start":{"line":257,"column":15},"end":{"line":257,"column":41}},{"start":{"line":257,"column":45},"end":{"line":257,"column":73}}],"line":257},"24":{"loc":{"start":{"line":272,"column":20},"end":{"line":272,"column":45}},"type":"binary-expr","locations":[{"start":{"line":272,"column":20},"end":{"line":272,"column":38}},{"start":{"line":272,"column":42},"end":{"line":272,"column":45}}],"line":272},"25":{"loc":{"start":{"line":273,"column":27},"end":{"line":273,"column":87}},"type":"binary-expr","locations":[{"start":{"line":273,"column":27},"end":{"line":273,"column":53}},{"start":{"line":273,"column":57},"end":{"line":273,"column":87}}],"line":273},"26":{"loc":{"start":{"line":279,"column":4},"end":{"line":279,"column":70}},"type":"if","locations":[{"start":{"line":279,"column":4},"end":{"line":279,"column":70}},{"start":{},"end":{}}],"line":279},"27":{"loc":{"start":{"line":290,"column":20},"end":{"line":290,"column":45}},"type":"binary-expr","locations":[{"start":{"line":290,"column":20},"end":{"line":290,"column":38}},{"start":{"line":290,"column":42},"end":{"line":290,"column":45}}],"line":290},"28":{"loc":{"start":{"line":291,"column":12},"end":{"line":291,"column":74}},"type":"binary-expr","locations":[{"start":{"line":291,"column":12},"end":{"line":291,"column":38}},{"start":{"line":291,"column":42},"end":{"line":291,"column":74}}],"line":291},"29":{"loc":{"start":{"line":316,"column":4},"end":{"line":316,"column":27}},"type":"if","locations":[{"start":{"line":316,"column":4},"end":{"line":316,"column":27}},{"start":{},"end":{}}],"line":316},"30":{"loc":{"start":{"line":318,"column":4},"end":{"line":349,"column":5}},"type":"if","locations":[{"start":{"line":318,"column":4},"end":{"line":349,"column":5}},{"start":{},"end":{}}],"line":318},"31":{"loc":{"start":{"line":318,"column":8},"end":{"line":318,"column":58}},"type":"binary-expr","locations":[{"start":{"line":318,"column":8},"end":{"line":318,"column":29}},{"start":{"line":318,"column":33},"end":{"line":318,"column":58}}],"line":318},"32":{"loc":{"start":{"line":339,"column":11},"end":{"line":346,"column":11}},"type":"binary-expr","locations":[{"start":{"line":339,"column":11},"end":{"line":339,"column":32}},{"start":{"line":340,"column":12},"end":{"line":345,"column":21}}],"line":339},"33":{"loc":{"start":{"line":351,"column":4},"end":{"line":366,"column":5}},"type":"if","locations":[{"start":{"line":351,"column":4},"end":{"line":366,"column":5}},{"start":{},"end":{}}],"line":351},"34":{"loc":{"start":{"line":351,"column":8},"end":{"line":351,"column":67}},"type":"binary-expr","locations":[{"start":{"line":351,"column":8},"end":{"line":351,"column":35}},{"start":{"line":351,"column":39},"end":{"line":351,"column":67}}],"line":351},"35":{"loc":{"start":{"line":358,"column":12},"end":{"line":360,"column":60}},"type":"cond-expr","locations":[{"start":{"line":359,"column":16},"end":{"line":359,"column":62}},{"start":{"line":360,"column":16},"end":{"line":360,"column":60}}],"line":358},"36":{"loc":{"start":{"line":363,"column":11},"end":{"line":363,"column":52}},"type":"cond-expr","locations":[{"start":{"line":363,"column":24},"end":{"line":363,"column":36}},{"start":{"line":363,"column":39},"end":{"line":363,"column":52}}],"line":363},"37":{"loc":{"start":{"line":371,"column":2},"end":{"line":371,"column":79}},"type":"if","locations":[{"start":{"line":371,"column":2},"end":{"line":371,"column":79}},{"start":{},"end":{}}],"line":371},"38":{"loc":{"start":{"line":372,"column":2},"end":{"line":372,"column":79}},"type":"if","locations":[{"start":{"line":372,"column":2},"end":{"line":372,"column":79}},{"start":{},"end":{}}],"line":372},"39":{"loc":{"start":{"line":373,"column":2},"end":{"line":373,"column":78}},"type":"if","locations":[{"start":{"line":373,"column":2},"end":{"line":373,"column":78}},{"start":{},"end":{}}],"line":373},"40":{"loc":{"start":{"line":380,"column":11},"end":{"line":387,"column":11}},"type":"binary-expr","locations":[{"start":{"line":380,"column":11},"end":{"line":380,"column":15}},{"start":{"line":380,"column":19},"end":{"line":380,"column":46}},{"start":{"line":381,"column":12},"end":{"line":386,"column":21}}],"line":380},"41":{"loc":{"start":{"line":385,"column":15},"end":{"line":385,"column":66}},"type":"cond-expr","locations":[{"start":{"line":385,"column":37},"end":{"line":385,"column":48}},{"start":{"line":385,"column":51},"end":{"line":385,"column":66}}],"line":385},"42":{"loc":{"start":{"line":388,"column":11},"end":{"line":395,"column":11}},"type":"binary-expr","locations":[{"start":{"line":388,"column":11},"end":{"line":388,"column":15}},{"start":{"line":388,"column":20},"end":{"line":388,"column":41}},{"start":{"line":388,"column":45},"end":{"line":388,"column":70}},{"start":{"line":389,"column":12},"end":{"line":394,"column":21}}],"line":388},"43":{"loc":{"start":{"line":402,"column":11},"end":{"line":409,"column":11}},"type":"binary-expr","locations":[{"start":{"line":402,"column":11},"end":{"line":402,"column":15}},{"start":{"line":402,"column":19},"end":{"line":402,"column":40}},{"start":{"line":403,"column":12},"end":{"line":408,"column":19}}],"line":402},"44":{"loc":{"start":{"line":414,"column":7},"end":{"line":418,"column":7}},"type":"binary-expr","locations":[{"start":{"line":414,"column":7},"end":{"line":414,"column":11}},{"start":{"line":415,"column":8},"end":{"line":417,"column":14}}],"line":414},"45":{"loc":{"start":{"line":432,"column":7},"end":{"line":549,"column":7}},"type":"cond-expr","locations":[{"start":{"line":433,"column":8},"end":{"line":463,"column":14}},{"start":{"line":467,"column":8},"end":{"line":548,"column":11}}],"line":432},"46":{"loc":{"start":{"line":432,"column":7},"end":{"line":432,"column":58}},"type":"binary-expr","locations":[{"start":{"line":432,"column":7},"end":{"line":432,"column":26}},{"start":{"line":432,"column":30},"end":{"line":432,"column":58}}],"line":432},"47":{"loc":{"start":{"line":435,"column":11},"end":{"line":462,"column":11}},"type":"cond-expr","locations":[{"start":{"line":436,"column":12},"end":{"line":436,"column":64}},{"start":{"line":437,"column":14},"end":{"line":462,"column":11}}],"line":435},"48":{"loc":{"start":{"line":437,"column":14},"end":{"line":462,"column":11}},"type":"cond-expr","locations":[{"start":{"line":438,"column":12},"end":{"line":438,"column":84}},{"start":{"line":440,"column":12},"end":{"line":461,"column":18}}],"line":437},"49":{"loc":{"start":{"line":469,"column":13},"end":{"line":528,"column":13}},"type":"cond-expr","locations":[{"start":{"line":470,"column":14},"end":{"line":470,"column":87}},{"start":{"line":472,"column":14},"end":{"line":527,"column":16}}],"line":469},"50":{"loc":{"start":{"line":478,"column":53},"end":{"line":478,"column":88}},"type":"binary-expr","locations":[{"start":{"line":478,"column":53},"end":{"line":478,"column":67}},{"start":{"line":478,"column":71},"end":{"line":478,"column":88}}],"line":478},"51":{"loc":{"start":{"line":492,"column":19},"end":{"line":525,"column":19}},"type":"binary-expr","locations":[{"start":{"line":492,"column":19},"end":{"line":492,"column":30}},{"start":{"line":492,"column":34},"end":{"line":492,"column":56}},{"start":{"line":493,"column":20},"end":{"line":524,"column":26}}],"line":492},"52":{"loc":{"start":{"line":504,"column":77},"end":{"line":504,"column":95}},"type":"binary-expr","locations":[{"start":{"line":504,"column":77},"end":{"line":504,"column":90}},{"start":{"line":504,"column":94},"end":{"line":504,"column":95}}],"line":504},"53":{"loc":{"start":{"line":506,"column":27},"end":{"line":521,"column":27}},"type":"binary-expr","locations":[{"start":{"line":506,"column":27},"end":{"line":506,"column":31}},{"start":{"line":506,"column":36},"end":{"line":506,"column":57}},{"start":{"line":506,"column":61},"end":{"line":506,"column":86}},{"start":{"line":507,"column":28},"end":{"line":520,"column":34}}],"line":506},"54":{"loc":{"start":{"line":552,"column":7},"end":{"line":608,"column":7}},"type":"binary-expr","locations":[{"start":{"line":552,"column":7},"end":{"line":552,"column":22}},{"start":{"line":553,"column":8},"end":{"line":607,"column":14}}],"line":552},"55":{"loc":{"start":{"line":611,"column":7},"end":{"line":679,"column":7}},"type":"binary-expr","locations":[{"start":{"line":611,"column":7},"end":{"line":611,"column":29}},{"start":{"line":611,"column":33},"end":{"line":611,"column":56}},{"start":{"line":612,"column":8},"end":{"line":678,"column":14}}],"line":611},"56":{"loc":{"start":{"line":636,"column":57},"end":{"line":636,"column":86}},"type":"binary-expr","locations":[{"start":{"line":636,"column":57},"end":{"line":636,"column":81}},{"start":{"line":636,"column":85},"end":{"line":636,"column":86}}],"line":636},"57":{"loc":{"start":{"line":682,"column":7},"end":{"line":765,"column":7}},"type":"binary-expr","locations":[{"start":{"line":682,"column":7},"end":{"line":682,"column":19}},{"start":{"line":683,"column":8},"end":{"line":764,"column":14}}],"line":682},"58":{"loc":{"start":{"line":686,"column":13},"end":{"line":686,"column":84}},"type":"binary-expr","locations":[{"start":{"line":686,"column":13},"end":{"line":686,"column":23}},{"start":{"line":686,"column":27},"end":{"line":686,"column":84}}],"line":686},"59":{"loc":{"start":{"line":704,"column":21},"end":{"line":704,"column":51}},"type":"binary-expr","locations":[{"start":{"line":704,"column":21},"end":{"line":704,"column":45}},{"start":{"line":704,"column":49},"end":{"line":704,"column":51}}],"line":704},"60":{"loc":{"start":{"line":768,"column":7},"end":{"line":854,"column":7}},"type":"binary-expr","locations":[{"start":{"line":768,"column":7},"end":{"line":768,"column":21}},{"start":{"line":769,"column":8},"end":{"line":853,"column":14}}],"line":768},"61":{"loc":{"start":{"line":772,"column":13},"end":{"line":774,"column":13}},"type":"binary-expr","locations":[{"start":{"line":772,"column":13},"end":{"line":772,"column":30}},{"start":{"line":773,"column":14},"end":{"line":773,"column":78}}],"line":772},"62":{"loc":{"start":{"line":796,"column":21},"end":{"line":796,"column":49}},"type":"binary-expr","locations":[{"start":{"line":796,"column":21},"end":{"line":796,"column":44}},{"start":{"line":796,"column":48},"end":{"line":796,"column":49}}],"line":796},"63":{"loc":{"start":{"line":798,"column":65},"end":{"line":798,"column":94}},"type":"binary-expr","locations":[{"start":{"line":798,"column":65},"end":{"line":798,"column":89}},{"start":{"line":798,"column":93},"end":{"line":798,"column":94}}],"line":798},"64":{"loc":{"start":{"line":804,"column":21},"end":{"line":804,"column":53}},"type":"binary-expr","locations":[{"start":{"line":804,"column":21},"end":{"line":804,"column":47}},{"start":{"line":804,"column":51},"end":{"line":804,"column":53}}],"line":804},"65":{"loc":{"start":{"line":813,"column":21},"end":{"line":813,"column":66}},"type":"binary-expr","locations":[{"start":{"line":813,"column":21},"end":{"line":813,"column":60}},{"start":{"line":813,"column":64},"end":{"line":813,"column":66}}],"line":813},"66":{"loc":{"start":{"line":822,"column":21},"end":{"line":822,"column":64}},"type":"binary-expr","locations":[{"start":{"line":822,"column":21},"end":{"line":822,"column":58}},{"start":{"line":822,"column":62},"end":{"line":822,"column":64}}],"line":822},"67":{"loc":{"start":{"line":844,"column":30},"end":{"line":844,"column":58}},"type":"binary-expr","locations":[{"start":{"line":844,"column":30},"end":{"line":844,"column":53}},{"start":{"line":844,"column":57},"end":{"line":844,"column":58}}],"line":844}},"s":{"0":32,"1":32,"2":32,"3":32,"4":32,"5":32,"6":32,"7":32,"8":32,"9":32,"10":32,"11":32,"12":32,"13":32,"14":32,"15":32,"16":32,"17":32,"18":32,"19":32,"20":32,"21":32,"22":22,"23":1,"24":21,"25":21,"26":21,"27":21,"28":17,"29":4,"30":4,"31":4,"32":0,"33":0,"34":21,"35":32,"36":22,"37":1,"38":21,"39":21,"40":21,"41":21,"42":6,"43":6,"44":0,"45":0,"46":21,"47":32,"48":22,"49":22,"50":22,"51":32,"52":1,"53":1,"54":32,"55":1,"56":1,"57":32,"58":0,"59":32,"60":0,"61":32,"62":0,"63":0,"64":0,"65":0,"66":0,"67":0,"68":0,"69":32,"70":0,"71":0,"72":0,"73":0,"74":0,"75":0,"76":32,"77":0,"78":0,"79":0,"80":0,"81":0,"82":0,"83":0,"84":32,"85":0,"86":0,"87":0,"88":0,"89":0,"90":0,"91":0,"92":32,"93":0,"94":0,"95":0,"96":0,"97":0,"98":0,"99":0,"100":0,"101":32,"102":0,"103":0,"104":0,"105":0,"106":0,"107":0,"108":0,"109":32,"110":0,"111":0,"112":0,"113":0,"114":0,"115":0,"116":32,"117":0,"118":0,"119":0,"120":0,"121":0,"122":0,"123":0,"124":0,"125":0,"126":32,"127":1,"128":0,"129":32,"130":0,"131":0,"132":0,"133":32,"134":1,"135":0,"136":1,"137":0,"138":0,"139":0,"140":0,"141":0,"142":1,"143":1,"144":1,"145":0,"146":0,"147":32,"148":1,"149":31,"150":19,"151":12,"152":0,"153":12,"154":0,"155":0,"156":0,"157":1,"158":0,"159":0,"160":0,"161":0,"162":0,"163":0,"164":0,"165":0,"166":0,"167":0,"168":0,"169":0,"170":0,"171":0,"172":0,"173":0,"174":0,"175":0,"176":0,"177":0,"178":0,"179":0,"180":0,"181":0,"182":0,"183":0,"184":0,"185":0,"186":0,"187":0,"188":0,"189":0,"190":0},"f":{"0":32,"1":22,"2":22,"3":22,"4":1,"5":1,"6":0,"7":0,"8":0,"9":0,"10":0,"11":0,"12":0,"13":0,"14":0,"15":0,"16":1,"17":0,"18":0,"19":1,"20":0,"21":0,"22":0,"23":0,"24":0,"25":0,"26":0,"27":0,"28":1,"29":0,"30":0,"31":0,"32":0,"33":0,"34":0,"35":0,"36":0,"37":0,"38":0,"39":0,"40":0,"41":0,"42":0,"43":0,"44":0,"45":0,"46":0,"47":0,"48":0,"49":0,"50":0,"51":0,"52":0,"53":0,"54":0,"55":0,"56":0,"57":0,"58":0,"59":0,"60":0},"b":{"0":[1,21],"1":[4,4],"2":[0,4],"3":[1,21],"4":[22,21],"5":[6,6],"6":[0,6],"7":[22,0],"8":[22,22],"9":[0,0],"10":[0,0],"11":[0,0],"12":[0,0],"13":[0,0],"14":[0,0],"15":[0,0],"16":[0,0],"17":[0,0],"18":[0,0],"19":[0,0],"20":[0,0],"21":[0,0],"22":[0,0],"23":[0,0],"24":[0,0],"25":[0,0],"26":[0,0],"27":[0,0],"28":[0,0],"29":[0,1],"30":[0,1],"31":[1,1],"32":[0,0],"33":[1,0],"34":[1,1],"35":[0,1],"36":[0,1],"37":[1,31],"38":[19,12],"39":[0,12],"40":[12,12,12],"41":[0,12],"42":[12,12,12,0],"43":[12,12,0],"44":[12,12],"45":[0,12],"46":[12,0],"47":[0,0],"48":[0,0],"49":[11,1],"50":[1,0],"51":[1,1,0],"52":[0,0],"53":[0,0,0,0],"54":[12,0],"55":[12,0,0],"56":[0,0],"57":[12,0],"58":[0,0],"59":[0,0],"60":[12,0],"61":[0,0],"62":[0,0],"63":[0,0],"64":[0,0],"65":[0,0],"66":[0,0],"67":[0,0]},"_coverageSchema":"1a1c01bbd47fc00a2c39e90264f33305004495a9","hash":"0c42c5a9adb8199dec73e91a240f9d57bff10d1d"}
,"/Users/admin/Desktop/datos_co/events_frontend/src/pages/LoginPage.jsx": {"path":"/Users/admin/Desktop/datos_co/events_frontend/src/pages/LoginPage.jsx","statementMap":{"0":{"start":{"line":37,"column":20},"end":{"line":37,"column":43}},"1":{"start":{"line":38,"column":28},"end":{"line":38,"column":40}},"2":{"start":{"line":39,"column":34},"end":{"line":39,"column":46}},"3":{"start":{"line":40,"column":28},"end":{"line":40,"column":40}},"4":{"start":{"line":41,"column":19},"end":{"line":41,"column":32}},"5":{"start":{"line":43,"column":23},"end":{"line":51,"column":3}},"6":{"start":{"line":44,"column":4},"end":{"line":44,"column":23}},"7":{"start":{"line":45,"column":4},"end":{"line":50,"column":5}},"8":{"start":{"line":46,"column":6},"end":{"line":46,"column":35}},"9":{"start":{"line":47,"column":6},"end":{"line":47,"column":26}},"10":{"start":{"line":49,"column":6},"end":{"line":49,"column":50}},"11":{"start":{"line":53,"column":2},"end":{"line":95,"column":4}},"12":{"start":{"line":67,"column":27},"end":{"line":67,"column":51}},"13":{"start":{"line":75,"column":27},"end":{"line":75,"column":54}},"14":{"start":{"line":87,"column":27},"end":{"line":87,"column":48}}},"fnMap":{"0":{"name":"Login","decl":{"start":{"line":36,"column":24},"end":{"line":36,"column":29}},"loc":{"start":{"line":36,"column":32},"end":{"line":96,"column":1}},"line":36},"1":{"name":"(anonymous_1)","decl":{"start":{"line":43,"column":23},"end":{"line":43,"column":24}},"loc":{"start":{"line":43,"column":36},"end":{"line":51,"column":3}},"line":43},"2":{"name":"(anonymous_2)","decl":{"start":{"line":67,"column":20},"end":{"line":67,"column":21}},"loc":{"start":{"line":67,"column":27},"end":{"line":67,"column":51}},"line":67},"3":{"name":"(anonymous_3)","decl":{"start":{"line":75,"column":20},"end":{"line":75,"column":21}},"loc":{"start":{"line":75,"column":27},"end":{"line":75,"column":54}},"line":75},"4":{"name":"(anonymous_4)","decl":{"start":{"line":87,"column":21},"end":{"line":87,"column":22}},"loc":{"start":{"line":87,"column":27},"end":{"line":87,"column":48}},"line":87}},"branchMap":{"0":{"loc":{"start":{"line":61,"column":9},"end":{"line":61,"column":62}},"type":"binary-expr","locations":[{"start":{"line":61,"column":9},"end":{"line":61,"column":14}},{"start":{"line":61,"column":18},"end":{"line":61,"column":62}}],"line":61}},"s":{"0":11,"1":11,"2":11,"3":11,"4":11,"5":11,"6":2,"7":2,"8":2,"9":1,"10":1,"11":11,"12":3,"13":3,"14":0},"f":{"0":11,"1":2,"2":3,"3":3,"4":0},"b":{"0":[11,1]},"_coverageSchema":"1a1c01bbd47fc00a2c39e90264f33305004495a9","hash":"056e9fccdb51a3ad5b26fd249d011ed40ce094cb"}
,"/Users/admin/Desktop/datos_co/events_frontend/src/pages/RegisterPage.jsx": {"path":"/Users/admin/Desktop/datos_co/events_frontend/src/pages/RegisterPage.jsx","statementMap":{"0":{"start":{"line":36,"column":23},"end":{"line":36,"column":46}},"1":{"start":{"line":37,"column":26},"end":{"line":42,"column":4}},"2":{"start":{"line":43,"column":30},"end":{"line":43,"column":42}},"3":{"start":{"line":44,"column":32},"end":{"line":44,"column":44}},"4":{"start":{"line":45,"column":19},"end":{"line":45,"column":32}},"5":{"start":{"line":47,"column":23},"end":{"line":50,"column":3}},"6":{"start":{"line":48,"column":4},"end":{"line":48,"column":58}},"7":{"start":{"line":49,"column":4},"end":{"line":49,"column":50}},"8":{"start":{"line":52,"column":23},"end":{"line":72,"column":3}},"9":{"start":{"line":53,"column":4},"end":{"line":53,"column":23}},"10":{"start":{"line":54,"column":4},"end":{"line":54,"column":18}},"11":{"start":{"line":55,"column":4},"end":{"line":55,"column":19}},"12":{"start":{"line":56,"column":4},"end":{"line":71,"column":5}},"13":{"start":{"line":57,"column":6},"end":{"line":57,"column":27}},"14":{"start":{"line":58,"column":6},"end":{"line":58,"column":63}},"15":{"start":{"line":59,"column":6},"end":{"line":59,"column":49}},"16":{"start":{"line":59,"column":23},"end":{"line":59,"column":41}},"17":{"start":{"line":62,"column":6},"end":{"line":70,"column":7}},"18":{"start":{"line":63,"column":28},"end":{"line":63,"column":30}},"19":{"start":{"line":64,"column":8},"end":{"line":66,"column":11}},"20":{"start":{"line":65,"column":10},"end":{"line":65,"column":51}},"21":{"start":{"line":67,"column":8},"end":{"line":67,"column":31}},"22":{"start":{"line":69,"column":8},"end":{"line":69,"column":59}},"23":{"start":{"line":74,"column":2},"end":{"line":130,"column":4}}},"fnMap":{"0":{"name":"Register","decl":{"start":{"line":35,"column":24},"end":{"line":35,"column":32}},"loc":{"start":{"line":35,"column":35},"end":{"line":131,"column":1}},"line":35},"1":{"name":"(anonymous_1)","decl":{"start":{"line":47,"column":23},"end":{"line":47,"column":24}},"loc":{"start":{"line":47,"column":30},"end":{"line":50,"column":3}},"line":47},"2":{"name":"(anonymous_2)","decl":{"start":{"line":52,"column":23},"end":{"line":52,"column":24}},"loc":{"start":{"line":52,"column":36},"end":{"line":72,"column":3}},"line":52},"3":{"name":"(anonymous_3)","decl":{"start":{"line":59,"column":17},"end":{"line":59,"column":18}},"loc":{"start":{"line":59,"column":23},"end":{"line":59,"column":41}},"line":59},"4":{"name":"(anonymous_4)","decl":{"start":{"line":64,"column":34},"end":{"line":64,"column":35}},"loc":{"start":{"line":64,"column":45},"end":{"line":66,"column":9}},"line":64}},"branchMap":{"0":{"loc":{"start":{"line":62,"column":6},"end":{"line":70,"column":7}},"type":"if","locations":[{"start":{"line":62,"column":6},"end":{"line":70,"column":7}},{"start":{"line":68,"column":13},"end":{"line":70,"column":7}}],"line":62},"1":{"loc":{"start":{"line":79,"column":9},"end":{"line":79,"column":68}},"type":"binary-expr","locations":[{"start":{"line":79,"column":9},"end":{"line":79,"column":16}},{"start":{"line":79,"column":20},"end":{"line":79,"column":68}}],"line":79},"2":{"loc":{"start":{"line":90,"column":9},"end":{"line":90,"column":94}},"type":"binary-expr","locations":[{"start":{"line":90,"column":9},"end":{"line":90,"column":26}},{"start":{"line":90,"column":30},"end":{"line":90,"column":94}}],"line":90},"3":{"loc":{"start":{"line":101,"column":9},"end":{"line":101,"column":92}},"type":"binary-expr","locations":[{"start":{"line":101,"column":9},"end":{"line":101,"column":25}},{"start":{"line":101,"column":29},"end":{"line":101,"column":92}}],"line":101},"4":{"loc":{"start":{"line":112,"column":9},"end":{"line":112,"column":84}},"type":"binary-expr","locations":[{"start":{"line":112,"column":9},"end":{"line":112,"column":21}},{"start":{"line":112,"column":25},"end":{"line":112,"column":84}}],"line":112},"5":{"loc":{"start":{"line":123,"column":9},"end":{"line":123,"column":90}},"type":"binary-expr","locations":[{"start":{"line":123,"column":9},"end":{"line":123,"column":24}},{"start":{"line":123,"column":28},"end":{"line":123,"column":90}}],"line":123}},"s":{"0":14,"1":14,"2":14,"3":14,"4":14,"5":14,"6":4,"7":4,"8":14,"9":3,"10":3,"11":3,"12":3,"13":3,"14":1,"15":1,"16":0,"17":2,"18":1,"19":1,"20":2,"21":1,"22":1,"23":14},"f":{"0":14,"1":4,"2":3,"3":0,"4":2},"b":{"0":[1,1],"1":[14,2],"2":[14,1],"3":[14,0],"4":[14,1],"5":[14,0]},"_coverageSchema":"1a1c01bbd47fc00a2c39e90264f33305004495a9","hash":"b5adf6a1cfefdeb986027f06b4ad0e41541b1a4d"}
,"/Users/admin/Desktop/datos_co/events_frontend/src/pages/UsersPage.jsx": {"path":"/Users/admin/Desktop/datos_co/events_frontend/src/pages/UsersPage.jsx","statementMap":{"0":{"start":{"line":43,"column":20},"end":{"line":43,"column":43}},"1":{"start":{"line":44,"column":28},"end":{"line":44,"column":40}},"2":{"start":{"line":45,"column":28},"end":{"line":45,"column":40}},"3":{"start":{"line":46,"column":32},"end":{"line":46,"column":46}},"4":{"start":{"line":47,"column":28},"end":{"line":47,"column":40}},"5":{"start":{"line":48,"column":48},"end":{"line":48,"column":63}},"6":{"start":{"line":49,"column":40},"end":{"line":49,"column":54}},"7":{"start":{"line":50,"column":38},"end":{"line":50,"column":50}},"8":{"start":{"line":52,"column":32},"end":{"line":58,"column":4}},"9":{"start":{"line":60,"column":2},"end":{"line":99,"column":14}},"10":{"start":{"line":61,"column":23},"end":{"line":76,"column":5}},"11":{"start":{"line":62,"column":6},"end":{"line":62,"column":25}},"12":{"start":{"line":62,"column":18},"end":{"line":62,"column":25}},"13":{"start":{"line":63,"column":6},"end":{"line":63,"column":23}},"14":{"start":{"line":64,"column":6},"end":{"line":75,"column":7}},"15":{"start":{"line":65,"column":20},"end":{"line":67,"column":10}},"16":{"start":{"line":68,"column":8},"end":{"line":68,"column":27}},"17":{"start":{"line":69,"column":8},"end":{"line":69,"column":21}},"18":{"start":{"line":71,"column":8},"end":{"line":71,"column":55}},"19":{"start":{"line":72,"column":8},"end":{"line":72,"column":74}},"20":{"start":{"line":74,"column":8},"end":{"line":74,"column":26}},"21":{"start":{"line":78,"column":23},"end":{"line":93,"column":5}},"22":{"start":{"line":79,"column":6},"end":{"line":92,"column":7}},"23":{"start":{"line":80,"column":20},"end":{"line":82,"column":10}},"24":{"start":{"line":83,"column":8},"end":{"line":83,"column":27}},"25":{"start":{"line":85,"column":8},"end":{"line":85,"column":52}},"26":{"start":{"line":87,"column":8},"end":{"line":91,"column":11}},"27":{"start":{"line":95,"column":4},"end":{"line":98,"column":5}},"28":{"start":{"line":96,"column":6},"end":{"line":96,"column":19}},"29":{"start":{"line":97,"column":6},"end":{"line":97,"column":19}},"30":{"start":{"line":101,"column":27},"end":{"line":135,"column":3}},"31":{"start":{"line":102,"column":4},"end":{"line":134,"column":5}},"32":{"start":{"line":103,"column":6},"end":{"line":105,"column":9}},"33":{"start":{"line":106,"column":6},"end":{"line":106,"column":32}},"34":{"start":{"line":107,"column":6},"end":{"line":113,"column":9}},"35":{"start":{"line":114,"column":6},"end":{"line":114,"column":24}},"36":{"start":{"line":116,"column":6},"end":{"line":130,"column":7}},"37":{"start":{"line":117,"column":8},"end":{"line":117,"column":25}},"38":{"start":{"line":118,"column":8},"end":{"line":129,"column":9}},"39":{"start":{"line":119,"column":22},"end":{"line":121,"column":12}},"40":{"start":{"line":122,"column":10},"end":{"line":122,"column":29}},"41":{"start":{"line":123,"column":10},"end":{"line":123,"column":23}},"42":{"start":{"line":125,"column":10},"end":{"line":125,"column":57}},"43":{"start":{"line":126,"column":10},"end":{"line":126,"column":76}},"44":{"start":{"line":128,"column":10},"end":{"line":128,"column":28}},"45":{"start":{"line":132,"column":6},"end":{"line":132,"column":51}},"46":{"start":{"line":133,"column":6},"end":{"line":133,"column":75}},"47":{"start":{"line":137,"column":27},"end":{"line":164,"column":3}},"48":{"start":{"line":138,"column":4},"end":{"line":163,"column":5}},"49":{"start":{"line":139,"column":6},"end":{"line":141,"column":9}},"50":{"start":{"line":142,"column":6},"end":{"line":142,"column":27}},"51":{"start":{"line":143,"column":6},"end":{"line":143,"column":24}},"52":{"start":{"line":145,"column":6},"end":{"line":159,"column":7}},"53":{"start":{"line":146,"column":8},"end":{"line":146,"column":25}},"54":{"start":{"line":147,"column":8},"end":{"line":158,"column":9}},"55":{"start":{"line":148,"column":22},"end":{"line":150,"column":12}},"56":{"start":{"line":151,"column":10},"end":{"line":151,"column":29}},"57":{"start":{"line":152,"column":10},"end":{"line":152,"column":23}},"58":{"start":{"line":154,"column":10},"end":{"line":154,"column":57}},"59":{"start":{"line":155,"column":10},"end":{"line":155,"column":76}},"60":{"start":{"line":157,"column":10},"end":{"line":157,"column":28}},"61":{"start":{"line":161,"column":6},"end":{"line":161,"column":56}},"62":{"start":{"line":162,"column":6},"end":{"line":162,"column":80}},"63":{"start":{"line":166,"column":27},"end":{"line":192,"column":3}},"64":{"start":{"line":167,"column":4},"end":{"line":167,"column":75}},"65":{"start":{"line":167,"column":68},"end":{"line":167,"column":75}},"66":{"start":{"line":168,"column":4},"end":{"line":191,"column":5}},"67":{"start":{"line":169,"column":6},"end":{"line":171,"column":9}},"68":{"start":{"line":173,"column":6},"end":{"line":187,"column":7}},"69":{"start":{"line":174,"column":8},"end":{"line":174,"column":25}},"70":{"start":{"line":175,"column":8},"end":{"line":186,"column":9}},"71":{"start":{"line":176,"column":22},"end":{"line":178,"column":12}},"72":{"start":{"line":179,"column":10},"end":{"line":179,"column":29}},"73":{"start":{"line":180,"column":10},"end":{"line":180,"column":23}},"74":{"start":{"line":182,"column":10},"end":{"line":182,"column":57}},"75":{"start":{"line":183,"column":10},"end":{"line":183,"column":76}},"76":{"start":{"line":185,"column":10},"end":{"line":185,"column":28}},"77":{"start":{"line":189,"column":6},"end":{"line":189,"column":54}},"78":{"start":{"line":190,"column":6},"end":{"line":190,"column":73}},"79":{"start":{"line":194,"column":22},"end":{"line":197,"column":3}},"80":{"start":{"line":195,"column":17},"end":{"line":195,"column":49}},"81":{"start":{"line":195,"column":33},"end":{"line":195,"column":48}},"82":{"start":{"line":196,"column":4},"end":{"line":196,"column":40}},"83":{"start":{"line":199,"column":2},"end":{"line":199,"column":70}},"84":{"start":{"line":199,"column":15},"end":{"line":199,"column":70}},"85":{"start":{"line":200,"column":2},"end":{"line":200,"column":68}},"86":{"start":{"line":200,"column":13},"end":{"line":200,"column":68}},"87":{"start":{"line":202,"column":2},"end":{"line":481,"column":4}},"88":{"start":{"line":207,"column":25},"end":{"line":207,"column":49}},"89":{"start":{"line":242,"column":16},"end":{"line":285,"column":21}},"90":{"start":{"line":273,"column":37},"end":{"line":273,"column":57}},"91":{"start":{"line":279,"column":37},"end":{"line":279,"column":62}},"92":{"start":{"line":308,"column":35},"end":{"line":308,"column":89}},"93":{"start":{"line":321,"column":35},"end":{"line":321,"column":88}},"94":{"start":{"line":334,"column":35},"end":{"line":334,"column":84}},"95":{"start":{"line":347,"column":35},"end":{"line":347,"column":87}},"96":{"start":{"line":358,"column":35},"end":{"line":358,"column":86}},"97":{"start":{"line":363,"column":20},"end":{"line":365,"column":29}},"98":{"start":{"line":374,"column":18},"end":{"line":374,"column":44}},"99":{"start":{"line":375,"column":18},"end":{"line":375,"column":36}},"100":{"start":{"line":407,"column":35},"end":{"line":407,"column":97}},"101":{"start":{"line":419,"column":35},"end":{"line":419,"column":96}},"102":{"start":{"line":431,"column":35},"end":{"line":431,"column":92}},"103":{"start":{"line":442,"column":35},"end":{"line":442,"column":94}},"104":{"start":{"line":447,"column":20},"end":{"line":449,"column":29}},"105":{"start":{"line":458,"column":18},"end":{"line":458,"column":39}},"106":{"start":{"line":459,"column":18},"end":{"line":459,"column":36}},"107":{"start":{"line":466,"column":31},"end":{"line":471,"column":18}}},"fnMap":{"0":{"name":"UsersPage","decl":{"start":{"line":42,"column":24},"end":{"line":42,"column":33}},"loc":{"start":{"line":42,"column":36},"end":{"line":482,"column":1}},"line":42},"1":{"name":"(anonymous_1)","decl":{"start":{"line":60,"column":12},"end":{"line":60,"column":13}},"loc":{"start":{"line":60,"column":18},"end":{"line":99,"column":3}},"line":60},"2":{"name":"(anonymous_2)","decl":{"start":{"line":61,"column":23},"end":{"line":61,"column":24}},"loc":{"start":{"line":61,"column":35},"end":{"line":76,"column":5}},"line":61},"3":{"name":"(anonymous_3)","decl":{"start":{"line":78,"column":23},"end":{"line":78,"column":24}},"loc":{"start":{"line":78,"column":35},"end":{"line":93,"column":5}},"line":78},"4":{"name":"(anonymous_4)","decl":{"start":{"line":101,"column":27},"end":{"line":101,"column":28}},"loc":{"start":{"line":101,"column":39},"end":{"line":135,"column":3}},"line":101},"5":{"name":"(anonymous_5)","decl":{"start":{"line":137,"column":27},"end":{"line":137,"column":28}},"loc":{"start":{"line":137,"column":47},"end":{"line":164,"column":3}},"line":137},"6":{"name":"(anonymous_6)","decl":{"start":{"line":166,"column":27},"end":{"line":166,"column":28}},"loc":{"start":{"line":166,"column":41},"end":{"line":192,"column":3}},"line":166},"7":{"name":"(anonymous_7)","decl":{"start":{"line":194,"column":22},"end":{"line":194,"column":23}},"loc":{"start":{"line":194,"column":34},"end":{"line":197,"column":3}},"line":194},"8":{"name":"(anonymous_8)","decl":{"start":{"line":195,"column":28},"end":{"line":195,"column":29}},"loc":{"start":{"line":195,"column":33},"end":{"line":195,"column":48}},"line":195},"9":{"name":"(anonymous_9)","decl":{"start":{"line":207,"column":19},"end":{"line":207,"column":20}},"loc":{"start":{"line":207,"column":25},"end":{"line":207,"column":49}},"line":207},"10":{"name":"(anonymous_10)","decl":{"start":{"line":241,"column":24},"end":{"line":241,"column":25}},"loc":{"start":{"line":242,"column":16},"end":{"line":285,"column":21}},"line":242},"11":{"name":"(anonymous_11)","decl":{"start":{"line":273,"column":31},"end":{"line":273,"column":32}},"loc":{"start":{"line":273,"column":37},"end":{"line":273,"column":57}},"line":273},"12":{"name":"(anonymous_12)","decl":{"start":{"line":279,"column":31},"end":{"line":279,"column":32}},"loc":{"start":{"line":279,"column":37},"end":{"line":279,"column":62}},"line":279},"13":{"name":"(anonymous_13)","decl":{"start":{"line":308,"column":28},"end":{"line":308,"column":29}},"loc":{"start":{"line":308,"column":35},"end":{"line":308,"column":89}},"line":308},"14":{"name":"(anonymous_14)","decl":{"start":{"line":321,"column":28},"end":{"line":321,"column":29}},"loc":{"start":{"line":321,"column":35},"end":{"line":321,"column":88}},"line":321},"15":{"name":"(anonymous_15)","decl":{"start":{"line":334,"column":28},"end":{"line":334,"column":29}},"loc":{"start":{"line":334,"column":35},"end":{"line":334,"column":84}},"line":334},"16":{"name":"(anonymous_16)","decl":{"start":{"line":347,"column":28},"end":{"line":347,"column":29}},"loc":{"start":{"line":347,"column":35},"end":{"line":347,"column":87}},"line":347},"17":{"name":"(anonymous_17)","decl":{"start":{"line":358,"column":28},"end":{"line":358,"column":29}},"loc":{"start":{"line":358,"column":35},"end":{"line":358,"column":86}},"line":358},"18":{"name":"(anonymous_18)","decl":{"start":{"line":362,"column":29},"end":{"line":362,"column":30}},"loc":{"start":{"line":363,"column":20},"end":{"line":365,"column":29}},"line":363},"19":{"name":"(anonymous_19)","decl":{"start":{"line":373,"column":25},"end":{"line":373,"column":26}},"loc":{"start":{"line":373,"column":31},"end":{"line":376,"column":17}},"line":373},"20":{"name":"(anonymous_20)","decl":{"start":{"line":407,"column":28},"end":{"line":407,"column":29}},"loc":{"start":{"line":407,"column":35},"end":{"line":407,"column":97}},"line":407},"21":{"name":"(anonymous_21)","decl":{"start":{"line":419,"column":28},"end":{"line":419,"column":29}},"loc":{"start":{"line":419,"column":35},"end":{"line":419,"column":96}},"line":419},"22":{"name":"(anonymous_22)","decl":{"start":{"line":431,"column":28},"end":{"line":431,"column":29}},"loc":{"start":{"line":431,"column":35},"end":{"line":431,"column":92}},"line":431},"23":{"name":"(anonymous_23)","decl":{"start":{"line":442,"column":28},"end":{"line":442,"column":29}},"loc":{"start":{"line":442,"column":35},"end":{"line":442,"column":94}},"line":442},"24":{"name":"(anonymous_24)","decl":{"start":{"line":446,"column":29},"end":{"line":446,"column":30}},"loc":{"start":{"line":447,"column":20},"end":{"line":449,"column":29}},"line":447},"25":{"name":"(anonymous_25)","decl":{"start":{"line":457,"column":25},"end":{"line":457,"column":26}},"loc":{"start":{"line":457,"column":31},"end":{"line":460,"column":17}},"line":457},"26":{"name":"(anonymous_26)","decl":{"start":{"line":466,"column":25},"end":{"line":466,"column":26}},"loc":{"start":{"line":466,"column":31},"end":{"line":471,"column":18}},"line":466}},"branchMap":{"0":{"loc":{"start":{"line":62,"column":6},"end":{"line":62,"column":25}},"type":"if","locations":[{"start":{"line":62,"column":6},"end":{"line":62,"column":25}},{"start":{},"end":{}}],"line":62},"1":{"loc":{"start":{"line":72,"column":17},"end":{"line":72,"column":72}},"type":"binary-expr","locations":[{"start":{"line":72,"column":17},"end":{"line":72,"column":43}},{"start":{"line":72,"column":47},"end":{"line":72,"column":72}}],"line":72},"2":{"loc":{"start":{"line":95,"column":4},"end":{"line":98,"column":5}},"type":"if","locations":[{"start":{"line":95,"column":4},"end":{"line":98,"column":5}},{"start":{},"end":{}}],"line":95},"3":{"loc":{"start":{"line":116,"column":6},"end":{"line":130,"column":7}},"type":"if","locations":[{"start":{"line":116,"column":6},"end":{"line":130,"column":7}},{"start":{},"end":{}}],"line":116},"4":{"loc":{"start":{"line":126,"column":19},"end":{"line":126,"column":74}},"type":"binary-expr","locations":[{"start":{"line":126,"column":19},"end":{"line":126,"column":45}},{"start":{"line":126,"column":49},"end":{"line":126,"column":74}}],"line":126},"5":{"loc":{"start":{"line":133,"column":20},"end":{"line":133,"column":73}},"type":"binary-expr","locations":[{"start":{"line":133,"column":20},"end":{"line":133,"column":46}},{"start":{"line":133,"column":50},"end":{"line":133,"column":73}}],"line":133},"6":{"loc":{"start":{"line":145,"column":6},"end":{"line":159,"column":7}},"type":"if","locations":[{"start":{"line":145,"column":6},"end":{"line":159,"column":7}},{"start":{},"end":{}}],"line":145},"7":{"loc":{"start":{"line":155,"column":19},"end":{"line":155,"column":74}},"type":"binary-expr","locations":[{"start":{"line":155,"column":19},"end":{"line":155,"column":45}},{"start":{"line":155,"column":49},"end":{"line":155,"column":74}}],"line":155},"8":{"loc":{"start":{"line":162,"column":20},"end":{"line":162,"column":78}},"type":"binary-expr","locations":[{"start":{"line":162,"column":20},"end":{"line":162,"column":46}},{"start":{"line":162,"column":50},"end":{"line":162,"column":78}}],"line":162},"9":{"loc":{"start":{"line":167,"column":4},"end":{"line":167,"column":75}},"type":"if","locations":[{"start":{"line":167,"column":4},"end":{"line":167,"column":75}},{"start":{},"end":{}}],"line":167},"10":{"loc":{"start":{"line":173,"column":6},"end":{"line":187,"column":7}},"type":"if","locations":[{"start":{"line":173,"column":6},"end":{"line":187,"column":7}},{"start":{},"end":{}}],"line":173},"11":{"loc":{"start":{"line":183,"column":19},"end":{"line":183,"column":74}},"type":"binary-expr","locations":[{"start":{"line":183,"column":19},"end":{"line":183,"column":45}},{"start":{"line":183,"column":49},"end":{"line":183,"column":74}}],"line":183},"12":{"loc":{"start":{"line":190,"column":15},"end":{"line":190,"column":71}},"type":"binary-expr","locations":[{"start":{"line":190,"column":15},"end":{"line":190,"column":41}},{"start":{"line":190,"column":45},"end":{"line":190,"column":71}}],"line":190},"13":{"loc":{"start":{"line":196,"column":11},"end":{"line":196,"column":39}},"type":"cond-expr","locations":[{"start":{"line":196,"column":18},"end":{"line":196,"column":27}},{"start":{"line":196,"column":30},"end":{"line":196,"column":39}}],"line":196},"14":{"loc":{"start":{"line":199,"column":2},"end":{"line":199,"column":70}},"type":"if","locations":[{"start":{"line":199,"column":2},"end":{"line":199,"column":70}},{"start":{},"end":{}}],"line":199},"15":{"loc":{"start":{"line":200,"column":2},"end":{"line":200,"column":68}},"type":"if","locations":[{"start":{"line":200,"column":2},"end":{"line":200,"column":68}},{"start":{},"end":{}}],"line":200},"16":{"loc":{"start":{"line":234,"column":13},"end":{"line":287,"column":13}},"type":"cond-expr","locations":[{"start":{"line":235,"column":14},"end":{"line":239,"column":19}},{"start":{"line":241,"column":14},"end":{"line":286,"column":16}}],"line":234},"17":{"loc":{"start":{"line":262,"column":22},"end":{"line":266,"column":55}},"type":"cond-expr","locations":[{"start":{"line":263,"column":26},"end":{"line":263,"column":57}},{"start":{"line":264,"column":26},"end":{"line":266,"column":55}}],"line":262},"18":{"loc":{"start":{"line":262,"column":23},"end":{"line":262,"column":78}},"type":"binary-expr","locations":[{"start":{"line":262,"column":23},"end":{"line":262,"column":50}},{"start":{"line":262,"column":54},"end":{"line":262,"column":78}}],"line":262},"19":{"loc":{"start":{"line":264,"column":26},"end":{"line":266,"column":55}},"type":"cond-expr","locations":[{"start":{"line":265,"column":26},"end":{"line":265,"column":53}},{"start":{"line":266,"column":26},"end":{"line":266,"column":55}}],"line":264},"20":{"loc":{"start":{"line":264,"column":27},"end":{"line":264,"column":90}},"type":"binary-expr","locations":[{"start":{"line":264,"column":27},"end":{"line":264,"column":58}},{"start":{"line":264,"column":62},"end":{"line":264,"column":90}}],"line":264},"21":{"loc":{"start":{"line":268,"column":23},"end":{"line":268,"column":67}},"type":"binary-expr","locations":[{"start":{"line":268,"column":23},"end":{"line":268,"column":38}},{"start":{"line":268,"column":42},"end":{"line":268,"column":67}}],"line":268},"22":{"loc":{"start":{"line":293,"column":7},"end":{"line":390,"column":7}},"type":"binary-expr","locations":[{"start":{"line":293,"column":7},"end":{"line":293,"column":22}},{"start":{"line":294,"column":8},"end":{"line":389,"column":14}}],"line":293},"23":{"loc":{"start":{"line":297,"column":13},"end":{"line":297,"column":84}},"type":"binary-expr","locations":[{"start":{"line":297,"column":13},"end":{"line":297,"column":23}},{"start":{"line":297,"column":27},"end":{"line":297,"column":84}}],"line":297},"24":{"loc":{"start":{"line":393,"column":7},"end":{"line":479,"column":7}},"type":"binary-expr","locations":[{"start":{"line":393,"column":7},"end":{"line":393,"column":18}},{"start":{"line":394,"column":8},"end":{"line":478,"column":14}}],"line":393},"25":{"loc":{"start":{"line":397,"column":13},"end":{"line":397,"column":84}},"type":"binary-expr","locations":[{"start":{"line":397,"column":13},"end":{"line":397,"column":23}},{"start":{"line":397,"column":27},"end":{"line":397,"column":84}}],"line":397}},"s":{"0":6,"1":6,"2":6,"3":6,"4":6,"5":6,"6":6,"7":6,"8":6,"9":6,"10":4,"11":4,"12":0,"13":4,"14":4,"15":4,"16":3,"17":2,"18":2,"19":2,"20":4,"21":4,"22":4,"23":4,"24":3,"25":2,"26":2,"27":4,"28":4,"29":4,"30":6,"31":0,"32":0,"33":0,"34":0,"35":0,"36":0,"37":0,"38":0,"39":0,"40":0,"41":0,"42":0,"43":0,"44":0,"45":0,"46":0,"47":6,"48":0,"49":0,"50":0,"51":0,"52":0,"53":0,"54":0,"55":0,"56":0,"57":0,"58":0,"59":0,"60":0,"61":0,"62":0,"63":6,"64":0,"65":0,"66":0,"67":0,"68":0,"69":0,"70":0,"71":0,"72":0,"73":0,"74":0,"75":0,"76":0,"77":0,"78":0,"79":6,"80":0,"81":0,"82":0,"83":6,"84":4,"85":2,"86":1,"87":1,"88":0,"89":2,"90":0,"91":0,"92":0,"93":0,"94":0,"95":0,"96":0,"97":0,"98":0,"99":0,"100":0,"101":0,"102":0,"103":0,"104":0,"105":0,"106":0,"107":0},"f":{"0":6,"1":4,"2":4,"3":4,"4":0,"5":0,"6":0,"7":0,"8":0,"9":0,"10":2,"11":0,"12":0,"13":0,"14":0,"15":0,"16":0,"17":0,"18":0,"19":0,"20":0,"21":0,"22":0,"23":0,"24":0,"25":0,"26":0},"b":{"0":[0,4],"1":[2,1],"2":[4,0],"3":[0,0],"4":[0,0],"5":[0,0],"6":[0,0],"7":[0,0],"8":[0,0],"9":[0,0],"10":[0,0],"11":[0,0],"12":[0,0],"13":[0,0],"14":[4,2],"15":[1,1],"16":[0,1],"17":[1,1],"18":[2,1],"19":[1,0],"20":[1,0],"21":[2,0],"22":[1,0],"23":[0,0],"24":[1,0],"25":[0,0]},"_coverageSchema":"1a1c01bbd47fc00a2c39e90264f33305004495a9","hash":"1a00990488e8222fb7d542b5fdc9e0625addad09"}
}
