TN:
SF:src/App.js
FN:53,App
FNF:1
FNH:1
FNDA:3,App
DA:54,3
DA:56,0
LF:2
LH:1
BRDA:58,0,0,0
BRDA:58,0,1,0
BRDA:62,1,0,0
BRDA:62,1,1,0
BRF:4
BRH:0
end_of_record
TN:
SF:src/context/AuthContext.js
FN:7,(anonymous_0)
FN:9,(anonymous_1)
FN:15,(anonymous_2)
FN:32,(anonymous_3)
FN:57,(anonymous_4)
FN:67,(anonymous_5)
FNF:6
FNH:6
FNDA:5,(anonymous_0)
FNDA:5,(anonymous_1)
FNDA:1,(anonymous_2)
FNDA:2,(anonymous_3)
FNDA:1,(anonymous_4)
FNDA:1,(anonymous_5)
DA:5,6
DA:7,6
DA:8,5
DA:9,5
DA:10,5
DA:11,5
DA:15,5
DA:16,1
DA:17,1
DA:18,0
DA:26,1
DA:27,1
DA:32,5
DA:33,2
DA:34,2
DA:35,1
DA:37,1
DA:39,1
DA:40,1
DA:44,0
DA:45,0
DA:46,0
DA:47,0
DA:49,0
DA:51,2
DA:52,2
DA:57,5
DA:58,1
DA:59,1
DA:60,1
DA:62,0
DA:67,5
DA:68,1
DA:69,1
DA:70,1
DA:71,1
DA:74,5
LF:37
LH:30
BRDA:8,0,0,5
BRDA:8,0,1,4
BRDA:11,1,0,1
BRDA:11,1,1,4
BRDA:19,2,0,0
BRDA:19,2,1,0
BRDA:21,3,0,0
BRDA:21,3,1,0
BRDA:22,4,0,0
BRDA:22,4,1,0
BRDA:22,4,2,0
BRDA:23,5,0,0
BRDA:23,5,1,0
BRDA:23,5,2,0
BRDA:39,6,0,1
BRDA:39,6,1,0
BRDA:52,7,0,2
BRDA:52,7,1,1
BRF:18
BRH:7
end_of_record
TN:
SF:src/hooks/useDebounce.js
FN:3,useDebounce
FN:6,(anonymous_1)
FN:7,(anonymous_2)
FN:8,(anonymous_3)
FNF:4
FNH:4
FNDA:32,useDebounce
FNDA:7,(anonymous_1)
FNDA:2,(anonymous_2)
FNDA:7,(anonymous_3)
DA:4,32
DA:6,32
DA:7,7
DA:8,7
DA:11,32
LF:5
LH:5
BRF:0
BRH:0
end_of_record
TN:
SF:src/pages/EventsPage.jsx
FN:38,EventsPage
FN:85,(anonymous_1)
FN:108,(anonymous_2)
FN:131,(anonymous_3)
FN:138,(anonymous_4)
FN:143,(anonymous_5)
FN:148,(anonymous_6)
FN:149,(anonymous_7)
FN:152,(anonymous_8)
FN:176,(anonymous_9)
FN:192,(anonymous_10)
FN:208,(anonymous_11)
FN:222,(anonymous_12)
FN:248,(anonymous_13)
FN:262,(anonymous_14)
FN:278,(anonymous_15)
FN:295,(anonymous_16)
FN:296,(anonymous_17)
FN:300,(anonymous_18)
FN:315,(anonymous_19)
FN:322,(anonymous_20)
FN:328,(anonymous_21)
FN:334,(anonymous_22)
FN:341,(anonymous_23)
FN:355,(anonymous_24)
FN:382,(anonymous_25)
FN:390,(anonymous_26)
FN:441,(anonymous_27)
FN:472,(anonymous_28)
FN:495,(anonymous_29)
FN:509,(anonymous_30)
FN:515,(anonymous_31)
FN:560,(anonymous_32)
FN:567,(anonymous_33)
FN:575,(anonymous_34)
FN:582,(anonymous_35)
FN:589,(anonymous_36)
FN:594,(anonymous_37)
FN:621,(anonymous_38)
FN:628,(anonymous_39)
FN:635,(anonymous_40)
FN:643,(anonymous_41)
FN:650,(anonymous_42)
FN:657,(anonymous_43)
FN:662,(anonymous_44)
FN:690,(anonymous_45)
FN:698,(anonymous_46)
FN:705,(anonymous_47)
FN:714,(anonymous_48)
FN:723,(anonymous_49)
FN:731,(anonymous_50)
FN:742,(anonymous_51)
FN:748,(anonymous_52)
FN:779,(anonymous_53)
FN:788,(anonymous_54)
FN:797,(anonymous_55)
FN:805,(anonymous_56)
FN:814,(anonymous_57)
FN:823,(anonymous_58)
FN:830,(anonymous_59)
FN:836,(anonymous_60)
FNF:61
FNH:9
FNDA:32,EventsPage
FNDA:22,(anonymous_1)
FNDA:22,(anonymous_2)
FNDA:22,(anonymous_3)
FNDA:1,(anonymous_4)
FNDA:1,(anonymous_5)
FNDA:0,(anonymous_6)
FNDA:0,(anonymous_7)
FNDA:0,(anonymous_8)
FNDA:0,(anonymous_9)
FNDA:0,(anonymous_10)
FNDA:0,(anonymous_11)
FNDA:0,(anonymous_12)
FNDA:0,(anonymous_13)
FNDA:0,(anonymous_14)
FNDA:0,(anonymous_15)
FNDA:1,(anonymous_16)
FNDA:0,(anonymous_17)
FNDA:0,(anonymous_18)
FNDA:1,(anonymous_19)
FNDA:0,(anonymous_20)
FNDA:0,(anonymous_21)
FNDA:0,(anonymous_22)
FNDA:0,(anonymous_23)
FNDA:0,(anonymous_24)
FNDA:0,(anonymous_25)
FNDA:0,(anonymous_26)
FNDA:0,(anonymous_27)
FNDA:1,(anonymous_28)
FNDA:0,(anonymous_29)
FNDA:0,(anonymous_30)
FNDA:0,(anonymous_31)
FNDA:0,(anonymous_32)
FNDA:0,(anonymous_33)
FNDA:0,(anonymous_34)
FNDA:0,(anonymous_35)
FNDA:0,(anonymous_36)
FNDA:0,(anonymous_37)
FNDA:0,(anonymous_38)
FNDA:0,(anonymous_39)
FNDA:0,(anonymous_40)
FNDA:0,(anonymous_41)
FNDA:0,(anonymous_42)
FNDA:0,(anonymous_43)
FNDA:0,(anonymous_44)
FNDA:0,(anonymous_45)
FNDA:0,(anonymous_46)
FNDA:0,(anonymous_47)
FNDA:0,(anonymous_48)
FNDA:0,(anonymous_49)
FNDA:0,(anonymous_50)
FNDA:0,(anonymous_51)
FNDA:0,(anonymous_52)
FNDA:0,(anonymous_53)
FNDA:0,(anonymous_54)
FNDA:0,(anonymous_55)
FNDA:0,(anonymous_56)
FNDA:0,(anonymous_57)
FNDA:0,(anonymous_58)
FNDA:0,(anonymous_59)
FNDA:0,(anonymous_60)
DA:39,32
DA:40,32
DA:42,32
DA:43,32
DA:44,32
DA:45,32
DA:46,32
DA:47,32
DA:49,32
DA:50,32
DA:52,32
DA:53,32
DA:55,32
DA:56,32
DA:65,32
DA:66,32
DA:67,32
DA:77,32
DA:78,32
DA:79,32
DA:82,32
DA:85,32
DA:86,22
DA:87,21
DA:88,21
DA:89,21
DA:93,21
DA:94,17
DA:96,4
DA:97,4
DA:98,4
DA:99,0
DA:100,0
DA:103,21
DA:108,32
DA:109,22
DA:110,21
DA:111,21
DA:112,21
DA:118,21
DA:120,6
DA:121,6
DA:122,0
DA:123,0
DA:126,21
DA:131,32
DA:132,22
DA:133,22
DA:134,22
DA:138,32
DA:139,1
DA:140,1
DA:143,32
DA:144,1
DA:145,1
DA:148,32
DA:149,32
DA:152,32
DA:153,0
DA:154,0
DA:159,0
DA:160,0
DA:168,0
DA:170,0
DA:171,0
DA:176,32
DA:177,0
DA:178,0
DA:183,0
DA:184,0
DA:186,0
DA:187,0
DA:192,32
DA:193,0
DA:194,0
DA:195,0
DA:200,0
DA:202,0
DA:203,0
DA:208,32
DA:209,0
DA:210,0
DA:211,0
DA:214,0
DA:216,0
DA:217,0
DA:222,32
DA:223,0
DA:224,0
DA:229,0
DA:230,0
DA:239,0
DA:240,0
DA:242,0
DA:243,0
DA:248,32
DA:249,0
DA:250,0
DA:251,0
DA:254,0
DA:256,0
DA:257,0
DA:262,32
DA:263,0
DA:264,0
DA:269,0
DA:270,0
DA:272,0
DA:273,0
DA:278,32
DA:279,0
DA:280,0
DA:281,0
DA:286,0
DA:287,0
DA:288,0
DA:290,0
DA:291,0
DA:295,32
DA:296,1
DA:300,32
DA:301,0
DA:302,0
DA:311,0
DA:315,32
DA:316,1
DA:318,1
DA:319,0
DA:322,0
DA:328,0
DA:334,0
DA:341,0
DA:351,1
DA:352,1
DA:353,1
DA:355,0
DA:368,0
DA:371,32
DA:372,31
DA:373,12
DA:375,12
DA:382,0
DA:390,0
DA:442,0
DA:473,1
DA:496,0
DA:509,0
DA:515,0
DA:560,0
DA:568,0
DA:575,0
DA:582,0
DA:589,0
DA:594,0
DA:621,0
DA:628,0
DA:636,0
DA:643,0
DA:650,0
DA:657,0
DA:663,0
DA:664,0
DA:691,0
DA:699,0
DA:706,0
DA:715,0
DA:724,0
DA:732,0
DA:742,0
DA:749,0
DA:780,0
DA:789,0
DA:798,0
DA:806,0
DA:815,0
DA:824,0
DA:830,0
DA:837,0
LF:178
LH:75
BRDA:86,0,0,1
BRDA:86,0,1,21
BRDA:96,1,0,4
BRDA:96,1,1,4
BRDA:98,2,0,0
BRDA:98,2,1,4
BRDA:109,3,0,1
BRDA:109,3,1,21
BRDA:109,4,0,22
BRDA:109,4,1,21
BRDA:120,5,0,6
BRDA:120,5,1,6
BRDA:121,6,0,0
BRDA:121,6,1,6
BRDA:133,7,0,22
BRDA:133,7,1,0
BRDA:133,8,0,22
BRDA:133,8,1,22
BRDA:170,9,0,0
BRDA:170,9,1,0
BRDA:171,10,0,0
BRDA:171,10,1,0
BRDA:186,11,0,0
BRDA:186,11,1,0
BRDA:187,12,0,0
BRDA:187,12,1,0
BRDA:193,13,0,0
BRDA:193,13,1,0
BRDA:202,14,0,0
BRDA:202,14,1,0
BRDA:203,15,0,0
BRDA:203,15,1,0
BRDA:209,16,0,0
BRDA:209,16,1,0
BRDA:216,17,0,0
BRDA:216,17,1,0
BRDA:217,18,0,0
BRDA:217,18,1,0
BRDA:242,19,0,0
BRDA:242,19,1,0
BRDA:243,20,0,0
BRDA:243,20,1,0
BRDA:249,21,0,0
BRDA:249,21,1,0
BRDA:256,22,0,0
BRDA:256,22,1,0
BRDA:257,23,0,0
BRDA:257,23,1,0
BRDA:272,24,0,0
BRDA:272,24,1,0
BRDA:273,25,0,0
BRDA:273,25,1,0
BRDA:279,26,0,0
BRDA:279,26,1,0
BRDA:290,27,0,0
BRDA:290,27,1,0
BRDA:291,28,0,0
BRDA:291,28,1,0
BRDA:316,29,0,0
BRDA:316,29,1,1
BRDA:318,30,0,0
BRDA:318,30,1,1
BRDA:318,31,0,1
BRDA:318,31,1,1
BRDA:339,32,0,0
BRDA:339,32,1,0
BRDA:351,33,0,1
BRDA:351,33,1,0
BRDA:351,34,0,1
BRDA:351,34,1,1
BRDA:358,35,0,0
BRDA:358,35,1,1
BRDA:363,36,0,0
BRDA:363,36,1,1
BRDA:371,37,0,1
BRDA:371,37,1,31
BRDA:372,38,0,19
BRDA:372,38,1,12
BRDA:373,39,0,0
BRDA:373,39,1,12
BRDA:380,40,0,12
BRDA:380,40,1,12
BRDA:380,40,2,12
BRDA:385,41,0,0
BRDA:385,41,1,12
BRDA:388,42,0,12
BRDA:388,42,1,12
BRDA:388,42,2,12
BRDA:388,42,3,0
BRDA:402,43,0,12
BRDA:402,43,1,12
BRDA:402,43,2,0
BRDA:414,44,0,12
BRDA:414,44,1,12
BRDA:432,45,0,0
BRDA:432,45,1,12
BRDA:432,46,0,12
BRDA:432,46,1,0
BRDA:435,47,0,0
BRDA:435,47,1,0
BRDA:437,48,0,0
BRDA:437,48,1,0
BRDA:469,49,0,11
BRDA:469,49,1,1
BRDA:478,50,0,1
BRDA:478,50,1,0
BRDA:492,51,0,1
BRDA:492,51,1,1
BRDA:492,51,2,0
BRDA:504,52,0,0
BRDA:504,52,1,0
BRDA:506,53,0,0
BRDA:506,53,1,0
BRDA:506,53,2,0
BRDA:506,53,3,0
BRDA:552,54,0,12
BRDA:552,54,1,0
BRDA:611,55,0,12
BRDA:611,55,1,0
BRDA:611,55,2,0
BRDA:636,56,0,0
BRDA:636,56,1,0
BRDA:682,57,0,12
BRDA:682,57,1,0
BRDA:686,58,0,0
BRDA:686,58,1,0
BRDA:704,59,0,0
BRDA:704,59,1,0
BRDA:768,60,0,12
BRDA:768,60,1,0
BRDA:772,61,0,0
BRDA:772,61,1,0
BRDA:796,62,0,0
BRDA:796,62,1,0
BRDA:798,63,0,0
BRDA:798,63,1,0
BRDA:804,64,0,0
BRDA:804,64,1,0
BRDA:813,65,0,0
BRDA:813,65,1,0
BRDA:822,66,0,0
BRDA:822,66,1,0
BRDA:844,67,0,0
BRDA:844,67,1,0
BRF:144
BRH:51
end_of_record
TN:
SF:src/pages/LoginPage.jsx
FN:36,Login
FN:43,(anonymous_1)
FN:67,(anonymous_2)
FN:75,(anonymous_3)
FN:87,(anonymous_4)
FNF:5
FNH:4
FNDA:11,Login
FNDA:2,(anonymous_1)
FNDA:3,(anonymous_2)
FNDA:3,(anonymous_3)
FNDA:0,(anonymous_4)
DA:37,11
DA:38,11
DA:39,11
DA:40,11
DA:41,11
DA:43,11
DA:44,2
DA:45,2
DA:46,2
DA:47,1
DA:49,1
DA:53,11
DA:67,3
DA:75,3
DA:87,0
LF:15
LH:14
BRDA:61,0,0,11
BRDA:61,0,1,1
BRF:2
BRH:2
end_of_record
TN:
SF:src/pages/RegisterPage.jsx
FN:35,Register
FN:47,(anonymous_1)
FN:52,(anonymous_2)
FN:59,(anonymous_3)
FN:64,(anonymous_4)
FNF:5
FNH:4
FNDA:14,Register
FNDA:4,(anonymous_1)
FNDA:3,(anonymous_2)
FNDA:0,(anonymous_3)
FNDA:2,(anonymous_4)
DA:36,14
DA:37,14
DA:43,14
DA:44,14
DA:45,14
DA:47,14
DA:48,4
DA:49,4
DA:52,14
DA:53,3
DA:54,3
DA:55,3
DA:56,3
DA:57,3
DA:58,1
DA:59,1
DA:62,2
DA:63,1
DA:64,1
DA:65,2
DA:67,1
DA:69,1
DA:74,14
LF:23
LH:23
BRDA:62,0,0,1
BRDA:62,0,1,1
BRDA:79,1,0,14
BRDA:79,1,1,2
BRDA:90,2,0,14
BRDA:90,2,1,1
BRDA:101,3,0,14
BRDA:101,3,1,0
BRDA:112,4,0,14
BRDA:112,4,1,1
BRDA:123,5,0,14
BRDA:123,5,1,0
BRF:12
BRH:10
end_of_record
TN:
SF:src/pages/UsersPage.jsx
FN:42,UsersPage
FN:60,(anonymous_1)
FN:61,(anonymous_2)
FN:78,(anonymous_3)
FN:101,(anonymous_4)
FN:137,(anonymous_5)
FN:166,(anonymous_6)
FN:194,(anonymous_7)
FN:195,(anonymous_8)
FN:207,(anonymous_9)
FN:241,(anonymous_10)
FN:273,(anonymous_11)
FN:279,(anonymous_12)
FN:308,(anonymous_13)
FN:321,(anonymous_14)
FN:334,(anonymous_15)
FN:347,(anonymous_16)
FN:358,(anonymous_17)
FN:362,(anonymous_18)
FN:373,(anonymous_19)
FN:407,(anonymous_20)
FN:419,(anonymous_21)
FN:431,(anonymous_22)
FN:442,(anonymous_23)
FN:446,(anonymous_24)
FN:457,(anonymous_25)
FN:466,(anonymous_26)
FNF:27
FNH:5
FNDA:6,UsersPage
FNDA:4,(anonymous_1)
FNDA:4,(anonymous_2)
FNDA:4,(anonymous_3)
FNDA:0,(anonymous_4)
FNDA:0,(anonymous_5)
FNDA:0,(anonymous_6)
FNDA:0,(anonymous_7)
FNDA:0,(anonymous_8)
FNDA:0,(anonymous_9)
FNDA:2,(anonymous_10)
FNDA:0,(anonymous_11)
FNDA:0,(anonymous_12)
FNDA:0,(anonymous_13)
FNDA:0,(anonymous_14)
FNDA:0,(anonymous_15)
FNDA:0,(anonymous_16)
FNDA:0,(anonymous_17)
FNDA:0,(anonymous_18)
FNDA:0,(anonymous_19)
FNDA:0,(anonymous_20)
FNDA:0,(anonymous_21)
FNDA:0,(anonymous_22)
FNDA:0,(anonymous_23)
FNDA:0,(anonymous_24)
FNDA:0,(anonymous_25)
FNDA:0,(anonymous_26)
DA:43,6
DA:44,6
DA:45,6
DA:46,6
DA:47,6
DA:48,6
DA:49,6
DA:50,6
DA:52,6
DA:60,6
DA:61,4
DA:62,4
DA:63,4
DA:64,4
DA:65,4
DA:68,3
DA:69,2
DA:71,2
DA:72,2
DA:74,4
DA:78,4
DA:79,4
DA:80,4
DA:83,3
DA:85,2
DA:87,2
DA:95,4
DA:96,4
DA:97,4
DA:101,6
DA:102,0
DA:103,0
DA:106,0
DA:107,0
DA:114,0
DA:116,0
DA:117,0
DA:118,0
DA:119,0
DA:122,0
DA:123,0
DA:125,0
DA:126,0
DA:128,0
DA:132,0
DA:133,0
DA:137,6
DA:138,0
DA:139,0
DA:142,0
DA:143,0
DA:145,0
DA:146,0
DA:147,0
DA:148,0
DA:151,0
DA:152,0
DA:154,0
DA:155,0
DA:157,0
DA:161,0
DA:162,0
DA:166,6
DA:167,0
DA:168,0
DA:169,0
DA:173,0
DA:174,0
DA:175,0
DA:176,0
DA:179,0
DA:180,0
DA:182,0
DA:183,0
DA:185,0
DA:189,0
DA:190,0
DA:194,6
DA:195,0
DA:196,0
DA:199,6
DA:200,2
DA:202,1
DA:207,0
DA:242,2
DA:273,0
DA:279,0
DA:308,0
DA:321,0
DA:334,0
DA:347,0
DA:358,0
DA:363,0
DA:374,0
DA:375,0
DA:407,0
DA:419,0
DA:431,0
DA:442,0
DA:447,0
DA:458,0
DA:459,0
DA:466,0
LF:103
LH:37
BRDA:62,0,0,0
BRDA:62,0,1,4
BRDA:72,1,0,2
BRDA:72,1,1,1
BRDA:95,2,0,4
BRDA:95,2,1,0
BRDA:116,3,0,0
BRDA:116,3,1,0
BRDA:126,4,0,0
BRDA:126,4,1,0
BRDA:133,5,0,0
BRDA:133,5,1,0
BRDA:145,6,0,0
BRDA:145,6,1,0
BRDA:155,7,0,0
BRDA:155,7,1,0
BRDA:162,8,0,0
BRDA:162,8,1,0
BRDA:167,9,0,0
BRDA:167,9,1,0
BRDA:173,10,0,0
BRDA:173,10,1,0
BRDA:183,11,0,0
BRDA:183,11,1,0
BRDA:190,12,0,0
BRDA:190,12,1,0
BRDA:196,13,0,0
BRDA:196,13,1,0
BRDA:199,14,0,4
BRDA:199,14,1,2
BRDA:200,15,0,1
BRDA:200,15,1,1
BRDA:234,16,0,0
BRDA:234,16,1,1
BRDA:262,17,0,1
BRDA:262,17,1,1
BRDA:262,18,0,2
BRDA:262,18,1,1
BRDA:264,19,0,1
BRDA:264,19,1,0
BRDA:264,20,0,1
BRDA:264,20,1,0
BRDA:268,21,0,2
BRDA:268,21,1,0
BRDA:293,22,0,1
BRDA:293,22,1,0
BRDA:297,23,0,0
BRDA:297,23,1,0
BRDA:393,24,0,1
BRDA:393,24,1,0
BRDA:397,25,0,0
BRDA:397,25,1,0
BRF:52
BRH:18
end_of_record
